epoch is 3
train_score is 0.5926, denas_score is 0.2645
spearman_correlation nan
epoch is 13
train_score is 0.4008, denas_score is 0.1713
spearman_correlation 1.0000
epoch is 32
train_score is 0.6403, denas_score is 0.1341
spearman_correlation -0.5000
epoch is 45
train_score is 0.6564, denas_score is 0.1206
spearman_correlation -0.8000
epoch is 49
train_score is 0.5827, denas_score is 0.0964
spearman_correlation -0.2000
epoch is 52
train_score is 0.7170, denas_score is 0.0971
spearman_correlation -0.3143
epoch is 59
train_score is 0.6450, denas_score is 0.0591
spearman_correlation -0.3929
epoch is 77
train_score is 0.7133, denas_score is 0.0935
spearman_correlation -0.4762
epoch is 79
train_score is 0.6374, denas_score is 0.1599
spearman_correlation -0.5500
epoch is 82
train_score is 0.7044, denas_score is 0.0784
spearman_correlation -0.5758
epoch is 85
train_score is 0.6447, denas_score is 0.0605
spearman_correlation -0.5364
epoch is 97
train_score is 0.7085, denas_score is 0.0830
spearman_correlation -0.5175
epoch is 103
train_score is 0.6113, denas_score is 0.1208
spearman_correlation -0.5714
epoch is 105
train_score is 0.5662, denas_score is 0.2116
spearman_correlation -0.6396
epoch is 110
train_score is 0.6522, denas_score is 0.0607
spearman_correlation -0.6000
epoch is 118
train_score is 0.5983, denas_score is 0.2266
spearman_correlation -0.6294
epoch is 121
train_score is 0.6426, denas_score is 0.0838
spearman_correlation -0.6397
epoch is 124
train_score is 0.7055, denas_score is 0.0951
spearman_correlation -0.6202
epoch is 128
train_score is 0.6636, denas_score is 0.2480
spearman_correlation -0.5018
epoch is 132
train_score is 0.6513, denas_score is 0.0755
spearman_correlation -0.4707
epoch is 138
train_score is 0.6001, denas_score is 0.3577
spearman_correlation -0.5117
epoch is 153
train_score is 0.5890, denas_score is 0.0984
spearman_correlation -0.5031
epoch is 154
train_score is 0.7181, denas_score is 0.0868
spearman_correlation -0.5079
epoch is 178
train_score is 0.6691, denas_score is 0.0865
spearman_correlation -0.5052
epoch is 184
train_score is 0.6360, denas_score is 0.0783
spearman_correlation -0.4631
epoch is 193
train_score is 0.6707, denas_score is 0.1077
spearman_correlation -0.4448
epoch is 229
train_score is 0.7056, denas_score is 0.1119
spearman_correlation -0.4188
epoch is 236
train_score is 0.7082, denas_score is 0.1031
spearman_correlation -0.3979
epoch is 243
train_score is 0.6769, denas_score is 0.0962
spearman_correlation -0.3985
epoch is 246
train_score is 0.6358, denas_score is 0.0579
spearman_correlation -0.3446
epoch is 247
train_score is 0.6635, denas_score is 0.2091
spearman_correlation -0.3198
epoch is 253
train_score is 0.6812, denas_score is 0.0866
spearman_correlation -0.3171
epoch is 260
train_score is 0.6636, denas_score is 0.1319
spearman_correlation -0.3117
epoch is 266
train_score is 0.6657, denas_score is 0.2506
spearman_correlation -0.2827
epoch is 269
train_score is 0.6321, denas_score is 0.1507
spearman_correlation -0.3182
epoch is 274
train_score is 0.6776, denas_score is 0.1542
spearman_correlation -0.3008
epoch is 279
train_score is 0.5702, denas_score is 0.0973
spearman_correlation -0.2941
epoch is 280
train_score is 0.6962, denas_score is 0.1440
spearman_correlation -0.2774
epoch is 288
train_score is 0.2914, denas_score is 0.0933
spearman_correlation -0.2354
epoch is 290
train_score is 0.6438, denas_score is 0.2316
spearman_correlation -0.2419
epoch is 293
train_score is 0.6550, denas_score is 0.3436
spearman_correlation -0.2227
epoch is 298
train_score is 0.6446, denas_score is 0.2048
spearman_correlation -0.2309
epoch is 302
train_score is 0.6354, denas_score is 0.0804
spearman_correlation -0.2033
epoch is 307
train_score is 0.7139, denas_score is 0.0950
spearman_correlation -0.2149
epoch is 322
train_score is 0.6409, denas_score is 0.2106
spearman_correlation -0.2256
epoch is 333
train_score is 0.6260, denas_score is 0.0900
spearman_correlation -0.2101
epoch is 341
train_score is 0.6589, denas_score is 0.1551
spearman_correlation -0.2041
epoch is 343
train_score is 0.6469, denas_score is 0.3778
spearman_correlation -0.1955
epoch is 348
train_score is 0.6488, denas_score is 0.0649
spearman_correlation -0.1860
epoch is 353
train_score is 0.6429, denas_score is 0.1427
spearman_correlation -0.1894
epoch is 356
train_score is 0.5756, denas_score is 0.1670
spearman_correlation -0.2112
epoch is 358
train_score is 0.6406, denas_score is 0.1767
spearman_correlation -0.2166
epoch is 361
train_score is 0.6518, denas_score is 0.1325
spearman_correlation -0.2146
epoch is 363
train_score is 0.6568, denas_score is 0.1504
spearman_correlation -0.2105
epoch is 364
train_score is 0.6675, denas_score is 0.1311
spearman_correlation -0.2129
epoch is 367
train_score is 0.7121, denas_score is 0.0754
spearman_correlation -0.2402
epoch is 368
train_score is 0.6799, denas_score is 0.0629
spearman_correlation -0.2596
epoch is 384
train_score is 0.6734, denas_score is 0.2174
spearman_correlation -0.2401
epoch is 403
train_score is 0.6044, denas_score is 0.2237
spearman_correlation -0.2605
epoch is 409
train_score is 0.5393, denas_score is 0.0890
spearman_correlation -0.2318
epoch is 419
train_score is 0.6676, denas_score is 0.0846
spearman_correlation -0.2410
epoch is 420
train_score is 0.5794, denas_score is 0.0755
spearman_correlation -0.2036
epoch is 427
train_score is 0.7018, denas_score is 0.1499
spearman_correlation -0.1971
epoch is 429
train_score is 0.6536, denas_score is 0.1275
spearman_correlation -0.1934
epoch is 440
train_score is 0.6419, denas_score is 0.0602
spearman_correlation -0.1754
epoch is 445
train_score is 0.6232, denas_score is 0.1259
spearman_correlation -0.1785
epoch is 449
train_score is 0.5971, denas_score is 0.0845
spearman_correlation -0.1552
epoch is 466
train_score is 0.6611, denas_score is 0.0655
spearman_correlation -0.1590
epoch is 474
train_score is 0.6744, denas_score is 0.2518
spearman_correlation -0.1383
epoch is 483
train_score is 0.5782, denas_score is 0.2124
spearman_correlation -0.1585
epoch is 484
train_score is 0.6339, denas_score is 0.1323
spearman_correlation -0.1636
epoch is 495
train_score is 0.6890, denas_score is 0.0683
spearman_correlation -0.1816
epoch is 497
train_score is 0.7054, denas_score is 0.1388
spearman_correlation -0.1737
epoch is 506
train_score is 0.6507, denas_score is 0.0576
spearman_correlation -0.1681
epoch is 511
train_score is 0.7150, denas_score is 0.1234
spearman_correlation -0.1640
epoch is 524
train_score is 0.6778, denas_score is 0.1023
spearman_correlation -0.1659
epoch is 531
train_score is 0.7093, denas_score is 0.1074
spearman_correlation -0.1660
epoch is 534
train_score is 0.6837, denas_score is 0.1361
spearman_correlation -0.1608
epoch is 555
train_score is 0.6659, denas_score is 0.1339
spearman_correlation -0.1596
epoch is 556
train_score is 0.6473, denas_score is 0.1211
spearman_correlation -0.1600
epoch is 557
train_score is 0.6893, denas_score is 0.0761
spearman_correlation -0.1720
epoch is 562
train_score is 0.6324, denas_score is 0.1810
spearman_correlation -0.1841
epoch is 570
train_score is 0.5994, denas_score is 0.0600
spearman_correlation -0.1558
epoch is 575
train_score is 0.6390, denas_score is 0.1231
spearman_correlation -0.1559
epoch is 579
train_score is 0.6866, denas_score is 0.1655
spearman_correlation -0.1480
epoch is 598
train_score is 0.6394, denas_score is 0.1050
spearman_correlation -0.1449
epoch is 604
train_score is 0.5834, denas_score is 0.2626
spearman_correlation -0.1661
epoch is 611
train_score is 0.6274, denas_score is 0.1169
spearman_correlation -0.1655
epoch is 617
train_score is 0.5863, denas_score is 0.3846
spearman_correlation -0.1868
epoch is 633
train_score is 0.6571, denas_score is 0.1180
spearman_correlation -0.1856
epoch is 634
train_score is 0.6444, denas_score is 0.1052
spearman_correlation -0.1839
epoch is 637
train_score is 0.7078, denas_score is 0.1512
spearman_correlation -0.1735
epoch is 641
train_score is 0.3671, denas_score is 0.1785
spearman_correlation -0.1898
epoch is 642
train_score is 0.6814, denas_score is 0.1094
spearman_correlation -0.1907
epoch is 644
train_score is 0.7157, denas_score is 0.1339
spearman_correlation -0.1819
epoch is 661
train_score is 0.6879, denas_score is 0.0691
spearman_correlation -0.1930
epoch is 672
train_score is 0.6346, denas_score is 0.2869
spearman_correlation -0.2042
epoch is 673
train_score is 0.6747, denas_score is 0.0789
spearman_correlation -0.2104
epoch is 675
train_score is 0.6721, denas_score is 0.1685
spearman_correlation -0.2061
epoch is 683
train_score is 0.6941, denas_score is 0.0866
spearman_correlation -0.2122
epoch is 684
train_score is 0.6706, denas_score is 0.1232
spearman_correlation -0.2107
epoch is 697
train_score is 0.6629, denas_score is 0.0686
spearman_correlation -0.2092
epoch is 699
train_score is 0.6722, denas_score is 0.2623
spearman_correlation -0.1985
epoch is 704
train_score is 0.6235, denas_score is 0.0794
spearman_correlation -0.1858
epoch is 706
train_score is 0.5320, denas_score is 0.0767
spearman_correlation -0.1634
epoch is 709
train_score is 0.7045, denas_score is 0.1024
spearman_correlation -0.1648
epoch is 715
train_score is 0.5968, denas_score is 0.1196
spearman_correlation -0.1643
epoch is 717
train_score is 0.7270, denas_score is 0.1198
spearman_correlation -0.1617
epoch is 718
train_score is 0.6372, denas_score is 0.1930
spearman_correlation -0.1683
epoch is 719
train_score is 0.6716, denas_score is 0.1358
spearman_correlation -0.1656
epoch is 724
train_score is 0.6748, denas_score is 0.2594
spearman_correlation -0.1557
epoch is 733
train_score is 0.6190, denas_score is 0.0578
spearman_correlation -0.1375
epoch is 736
train_score is 0.6491, denas_score is 0.1874
spearman_correlation -0.1389
epoch is 741
train_score is 0.6645, denas_score is 0.2338
spearman_correlation -0.1332
epoch is 748
train_score is 0.4038, denas_score is 0.0953
spearman_correlation -0.1226
epoch is 750
train_score is 0.6639, denas_score is 0.1622
spearman_correlation -0.1215
epoch is 752
train_score is 0.5244, denas_score is 0.1341
spearman_correlation -0.1261
epoch is 754
train_score is 0.4588, denas_score is 0.0987
spearman_correlation -0.1174
epoch is 766
train_score is 0.6300, denas_score is 0.1098
spearman_correlation -0.1150
epoch is 771
train_score is 0.6786, denas_score is 0.1435
spearman_correlation -0.1125
epoch is 780
train_score is 0.6823, denas_score is 0.0611
spearman_correlation -0.1233
epoch is 782
train_score is 0.7115, denas_score is 0.1322
spearman_correlation -0.1193
epoch is 800
train_score is 0.6657, denas_score is 0.0818
spearman_correlation -0.1209
epoch is 820
train_score is 0.7097, denas_score is 0.2373
spearman_correlation -0.1030
epoch is 824
train_score is 0.6596, denas_score is 0.1977
spearman_correlation -0.1015
epoch is 832
train_score is 0.6607, denas_score is 0.0959
spearman_correlation -0.1012
epoch is 833
train_score is 0.5872, denas_score is 0.1380
spearman_correlation -0.1060
epoch is 846
train_score is 0.6081, denas_score is 0.0558
spearman_correlation -0.0907
epoch is 850
train_score is 0.7102, denas_score is 0.0997
spearman_correlation -0.0937
epoch is 851
train_score is 0.6874, denas_score is 0.2191
spearman_correlation -0.0840
epoch is 866
train_score is 0.6543, denas_score is 0.1559
spearman_correlation -0.0844
epoch is 867
train_score is 0.7086, denas_score is 0.0995
spearman_correlation -0.0874
epoch is 872
train_score is 0.6747, denas_score is 0.0723
spearman_correlation -0.0938
epoch is 874
train_score is 0.5715, denas_score is 0.0737
spearman_correlation -0.0774
epoch is 887
train_score is 0.6747, denas_score is 0.0939
spearman_correlation -0.0807
epoch is 890
train_score is 0.5416, denas_score is 0.0998
spearman_correlation -0.0750
epoch is 895
train_score is 0.6421, denas_score is 0.2325
spearman_correlation -0.0786
epoch is 898
train_score is 0.6722, denas_score is 0.1379
spearman_correlation -0.0775
epoch is 905
train_score is 0.6825, denas_score is 0.0602
spearman_correlation -0.0870
epoch is 906
train_score is 0.7026, denas_score is 0.1170
spearman_correlation -0.0874
epoch is 911
train_score is 0.6793, denas_score is 0.0839
spearman_correlation -0.0929
epoch is 916
train_score is 0.6877, denas_score is 0.0760
spearman_correlation -0.1008
epoch is 927
train_score is 0.7151, denas_score is 0.0810
spearman_correlation -0.1100
epoch is 929
train_score is 0.6397, denas_score is 0.0682
spearman_correlation -0.1016
epoch is 935
train_score is 0.6723, denas_score is 0.0932
spearman_correlation -0.1042
epoch is 937
train_score is 0.7145, denas_score is 0.1050
spearman_correlation -0.1050
epoch is 940
train_score is 0.7089, denas_score is 0.1000
spearman_correlation -0.1063
epoch is 949
train_score is 0.6698, denas_score is 0.1912
spearman_correlation -0.1041
epoch is 952
train_score is 0.6262, denas_score is 0.1133
spearman_correlation -0.1034
epoch is 956
train_score is 0.6391, denas_score is 0.1008
spearman_correlation -0.1009
epoch is 959
train_score is 0.6848, denas_score is 0.1576
spearman_correlation -0.0969
epoch is 960
train_score is 0.6843, denas_score is 0.1591
spearman_correlation -0.0929
epoch is 961
train_score is 0.6699, denas_score is 0.0955
spearman_correlation -0.0939
epoch is 965
train_score is 0.6177, denas_score is 0.2425
spearman_correlation -0.1035
epoch is 978
train_score is 0.5383, denas_score is 0.0624
spearman_correlation -0.0859
epoch is 985
train_score is 0.6875, denas_score is 0.2112
spearman_correlation -0.0789
epoch is 989
train_score is 0.4305, denas_score is 0.2227
spearman_correlation -0.0921
epoch is 991
train_score is 0.6586, denas_score is 0.0714
spearman_correlation -0.0903
epoch is 997
train_score is 0.5571, denas_score is 0.2286
spearman_correlation -0.1016
epoch is 1002
train_score is 0.6566, denas_score is 0.1632
spearman_correlation -0.1027
epoch is 1003
train_score is 0.7091, denas_score is 0.0796
spearman_correlation -0.1100
epoch is 1024
train_score is 0.6735, denas_score is 0.0585
spearman_correlation -0.1148
epoch is 1032
train_score is 0.6821, denas_score is 0.1209
spearman_correlation -0.1144
epoch is 1041
train_score is 0.6590, denas_score is 0.1470
spearman_correlation -0.1147
epoch is 1068
train_score is 0.6075, denas_score is 0.2439
spearman_correlation -0.1238
epoch is 1086
train_score is 0.6760, denas_score is 0.1076
spearman_correlation -0.1248
epoch is 1090
train_score is 0.6313, denas_score is 0.2434
spearman_correlation -0.1314
epoch is 1100
train_score is 0.6367, denas_score is 0.1024
spearman_correlation -0.1289
epoch is 1101
train_score is 0.6911, denas_score is 0.0825
spearman_correlation -0.1339
epoch is 1112
train_score is 0.6748, denas_score is 0.0765
spearman_correlation -0.1373
epoch is 1121
train_score is 0.6227, denas_score is 0.0864
spearman_correlation -0.1309
epoch is 1122
train_score is 0.6648, denas_score is 0.1257
spearman_correlation -0.1310
epoch is 1138
train_score is 0.7035, denas_score is 0.0776
spearman_correlation -0.1372
epoch is 1146
train_score is 0.6887, denas_score is 0.2540
spearman_correlation -0.1272
epoch is 1156
train_score is 0.6731, denas_score is 0.0838
spearman_correlation -0.1295
epoch is 1165
train_score is 0.7077, denas_score is 0.1378
spearman_correlation -0.1256
epoch is 1166
train_score is 0.5818, denas_score is 0.0797
spearman_correlation -0.1155
epoch is 1167
train_score is 0.6929, denas_score is 0.0552
spearman_correlation -0.1251
epoch is 1172
train_score is 0.5977, denas_score is 0.3948
spearman_correlation -0.1350
epoch is 1185
train_score is 0.6788, denas_score is 0.0773
spearman_correlation -0.1386
epoch is 1186
train_score is 0.5555, denas_score is 0.1276
spearman_correlation -0.1398
epoch is 1196
train_score is 0.6404, denas_score is 0.0626
spearman_correlation -0.1333
epoch is 1216
train_score is 0.5939, denas_score is 0.2791
spearman_correlation -0.1429
epoch is 1231
train_score is 0.6802, denas_score is 0.0602
spearman_correlation -0.1481
epoch is 1242
train_score is 0.7085, denas_score is 0.1299
spearman_correlation -0.1451
epoch is 1243
train_score is 0.6893, denas_score is 0.1333
spearman_correlation -0.1426
epoch is 1244
train_score is 0.6503, denas_score is 0.0763
spearman_correlation -0.1395
epoch is 1270
train_score is 0.7173, denas_score is 0.1514
spearman_correlation -0.1324
epoch is 1277
train_score is 0.6360, denas_score is 0.0722
spearman_correlation -0.1259
epoch is 1278
train_score is 0.6851, denas_score is 0.0793
spearman_correlation -0.1295
epoch is 1279
train_score is 0.6457, denas_score is 0.1064
spearman_correlation -0.1286
epoch is 1290
train_score is 0.6665, denas_score is 0.1432
spearman_correlation -0.1285
epoch is 1296
train_score is 0.6661, denas_score is 0.1104
spearman_correlation -0.1286
epoch is 1317
train_score is 0.6000, denas_score is 0.3019
spearman_correlation -0.1374
epoch is 1334
train_score is 0.6734, denas_score is 0.3148
spearman_correlation -0.1330
epoch is 1342
train_score is 0.6474, denas_score is 0.0967
spearman_correlation -0.1316
epoch is 1364
train_score is 0.6239, denas_score is 0.0754
spearman_correlation -0.1239
epoch is 1372
train_score is 0.6311, denas_score is 0.0815
spearman_correlation -0.1186
epoch is 1373
train_score is 0.7101, denas_score is 0.1844
spearman_correlation -0.1108
epoch is 1374
train_score is 0.6625, denas_score is 0.0850
spearman_correlation -0.1099
epoch is 1382
train_score is 0.7065, denas_score is 0.1101
spearman_correlation -0.1094
epoch is 1384
train_score is 0.6778, denas_score is 0.0603
spearman_correlation -0.1139
epoch is 1389
train_score is 0.7119, denas_score is 0.1446
spearman_correlation -0.1087
epoch is 1391
train_score is 0.6821, denas_score is 0.1674
spearman_correlation -0.1056
epoch is 1397
train_score is 0.7154, denas_score is 0.0847
spearman_correlation -0.1103
epoch is 1404
train_score is 0.6436, denas_score is 0.0761
spearman_correlation -0.1063
epoch is 1412
train_score is 0.6645, denas_score is 0.1379
spearman_correlation -0.1061
epoch is 1414
train_score is 0.6750, denas_score is 0.1115
spearman_correlation -0.1064
epoch is 1419
train_score is 0.6225, denas_score is 0.1015
spearman_correlation -0.1046
epoch is 1420
train_score is 0.6266, denas_score is 0.1197
spearman_correlation -0.1048
epoch is 1433
train_score is 0.7131, denas_score is 0.0814
spearman_correlation -0.1102
epoch is 1435
train_score is 0.6515, denas_score is 0.0676
spearman_correlation -0.1069
epoch is 1437
train_score is 0.6722, denas_score is 0.1005
spearman_correlation -0.1073
epoch is 1442
train_score is 0.6180, denas_score is 0.1332
spearman_correlation -0.1097
epoch is 1444
train_score is 0.6303, denas_score is 0.1556
spearman_correlation -0.1138
epoch is 1449
train_score is 0.6839, denas_score is 0.0869
spearman_correlation -0.1158
epoch is 1455
train_score is 0.6414, denas_score is 0.0624
spearman_correlation -0.1110
epoch is 1459
train_score is 0.7079, denas_score is 0.0719
spearman_correlation -0.1175
epoch is 1473
train_score is 0.6532, denas_score is 0.2554
spearman_correlation -0.1181
epoch is 1475
train_score is 0.6148, denas_score is 0.0565
spearman_correlation -0.1086
epoch is 1477
train_score is 0.6842, denas_score is 0.0988
spearman_correlation -0.1091
epoch is 1479
train_score is 0.7157, denas_score is 0.1039
spearman_correlation -0.1092
epoch is 1480
train_score is 0.6305, denas_score is 0.2011
spearman_correlation -0.1142
epoch is 1483
train_score is 0.6707, denas_score is 0.0693
spearman_correlation -0.1152
epoch is 1508
train_score is 0.3524, denas_score is 0.0835
spearman_correlation -0.1075
epoch is 1525
train_score is 0.6416, denas_score is 0.1272
spearman_correlation -0.1083
epoch is 1532
train_score is 0.6472, denas_score is 0.1762
spearman_correlation -0.1103
epoch is 1546
train_score is 0.5997, denas_score is 0.2250
spearman_correlation -0.1172
epoch is 1550
train_score is 0.7075, denas_score is 0.0925
spearman_correlation -0.1195
epoch is 1554
train_score is 0.6363, denas_score is 0.1850
spearman_correlation -0.1233
epoch is 1556
train_score is 0.6715, denas_score is 0.0682
spearman_correlation -0.1244
epoch is 1557
train_score is 0.6414, denas_score is 0.0552
spearman_correlation -0.1194
epoch is 1566
train_score is 0.6295, denas_score is 0.0811
spearman_correlation -0.1148
epoch is 1571
train_score is 0.6142, denas_score is 0.1017
spearman_correlation -0.1135
epoch is 1578
train_score is 0.6414, denas_score is 0.1633
spearman_correlation -0.1162
epoch is 1580
train_score is 0.7150, denas_score is 0.1502
spearman_correlation -0.1111
epoch is 1589
train_score is 0.7071, denas_score is 0.0808
spearman_correlation -0.1147
epoch is 1590
train_score is 0.7174, denas_score is 0.0749
spearman_correlation -0.1218
epoch is 1595
train_score is 0.6146, denas_score is 0.0549
spearman_correlation -0.1129
epoch is 1598
train_score is 0.6825, denas_score is 0.0973
spearman_correlation -0.1137
epoch is 1608
train_score is 0.6568, denas_score is 0.0576
spearman_correlation -0.1121
epoch is 1609
train_score is 0.6777, denas_score is 0.0665
spearman_correlation -0.1149
epoch is 1610
train_score is 0.7079, denas_score is 0.1038
spearman_correlation -0.1147
epoch is 1624
train_score is 0.7096, denas_score is 0.2116
spearman_correlation -0.1071
epoch is 1628
train_score is 0.6501, denas_score is 0.0916
spearman_correlation -0.1059
epoch is 1641
train_score is 0.6897, denas_score is 0.1976
spearman_correlation -0.1011
epoch is 1649
train_score is 0.6245, denas_score is 0.0745
spearman_correlation -0.0952
epoch is 1658
train_score is 0.6586, denas_score is 0.0584
spearman_correlation -0.0937
epoch is 1660
train_score is 0.6406, denas_score is 0.0979
spearman_correlation -0.0926
epoch is 1672
train_score is 0.4917, denas_score is 0.2521
spearman_correlation -0.1020
epoch is 1677
train_score is 0.6714, denas_score is 0.0999
spearman_correlation -0.1020
epoch is 1683
train_score is 0.6667, denas_score is 0.1040
spearman_correlation -0.1020
epoch is 1688
train_score is 0.6721, denas_score is 0.2586
spearman_correlation -0.0995
epoch is 1694
train_score is 0.6210, denas_score is 0.2158
spearman_correlation -0.1053
epoch is 1695
train_score is 0.6373, denas_score is 0.0798
spearman_correlation -0.1020
epoch is 1697
train_score is 0.7053, denas_score is 0.0862
spearman_correlation -0.1042
epoch is 1700
train_score is 0.4537, denas_score is 0.0755
spearman_correlation -0.0955
epoch is 1703
train_score is 0.6752, denas_score is 0.0870
spearman_correlation -0.0968
epoch is 1706
train_score is 0.6131, denas_score is 0.1702
spearman_correlation -0.1021
epoch is 1709
train_score is 0.6323, denas_score is 0.0761
spearman_correlation -0.0978
epoch is 1719
train_score is 0.6709, denas_score is 0.2872
spearman_correlation -0.0954
epoch is 1726
train_score is 0.5636, denas_score is 0.2447
spearman_correlation -0.1031
epoch is 1727
train_score is 0.6342, denas_score is 0.1231
spearman_correlation -0.1041
epoch is 1732
train_score is 0.7033, denas_score is 0.0900
spearman_correlation -0.1059
epoch is 1736
train_score is 0.6745, denas_score is 0.2008
spearman_correlation -0.1043
epoch is 1742
train_score is 0.6161, denas_score is 0.1139
spearman_correlation -0.1050
epoch is 1747
train_score is 0.6527, denas_score is 0.1618
spearman_correlation -0.1058
epoch is 1755
train_score is 0.6316, denas_score is 0.2278
spearman_correlation -0.1100
epoch is 1766
train_score is 0.6430, denas_score is 0.0655
spearman_correlation -0.1068
epoch is 1771
train_score is 0.6693, denas_score is 0.1316
spearman_correlation -0.1063
epoch is 1778
train_score is 0.6326, denas_score is 0.0961
spearman_correlation -0.1050
epoch is 1779
train_score is 0.6418, denas_score is 0.0589
spearman_correlation -0.1013
epoch is 1793
train_score is 0.6382, denas_score is 0.1158
spearman_correlation -0.1018
epoch is 1798
train_score is 0.6717, denas_score is 0.0533
spearman_correlation -0.1039
epoch is 1806
train_score is 0.6240, denas_score is 0.0932
spearman_correlation -0.1017
epoch is 1810
train_score is 0.6376, denas_score is 0.1271
spearman_correlation -0.1026
epoch is 1824
train_score is 0.7029, denas_score is 0.0762
spearman_correlation -0.1061
epoch is 1825
train_score is 0.5422, denas_score is 0.1236
spearman_correlation -0.1073
epoch is 1835
train_score is 0.6985, denas_score is 0.1192
spearman_correlation -0.1065
epoch is 1850
train_score is 0.6428, denas_score is 0.0811
spearman_correlation -0.1045
epoch is 1861
train_score is 0.7082, denas_score is 0.1272
spearman_correlation -0.1021
epoch is 1864
train_score is 0.6067, denas_score is 0.3030
spearman_correlation -0.1091
epoch is 1867
train_score is 0.7225, denas_score is 0.0869
spearman_correlation -0.1118
epoch is 1886
train_score is 0.6847, denas_score is 0.0595
spearman_correlation -0.1158
epoch is 1890
train_score is 0.4923, denas_score is 0.3909
spearman_correlation -0.1245
epoch is 1893
train_score is 0.3348, denas_score is 0.0537
spearman_correlation -0.1129
epoch is 1894
train_score is 0.7052, denas_score is 0.0856
spearman_correlation -0.1147
epoch is 1899
train_score is 0.6742, denas_score is 0.1524
spearman_correlation -0.1139
epoch is 1915
train_score is 0.6336, denas_score is 0.1403
spearman_correlation -0.1159
epoch is 1916
train_score is 0.7118, denas_score is 0.1361
spearman_correlation -0.1126
epoch is 1925
train_score is 0.6516, denas_score is 0.0695
spearman_correlation -0.1108
epoch is 1929
train_score is 0.6418, denas_score is 0.1700
spearman_correlation -0.1129
epoch is 1935
train_score is 0.6448, denas_score is 0.1701
spearman_correlation -0.1145
epoch is 1952
train_score is 0.6298, denas_score is 0.1963
spearman_correlation -0.1182
epoch is 1958
train_score is 0.6538, denas_score is 0.2595
spearman_correlation -0.1182
epoch is 1960
train_score is 0.6431, denas_score is 0.1360
spearman_correlation -0.1188
epoch is 1964
train_score is 0.6372, denas_score is 0.0696
spearman_correlation -0.1151
epoch is 1966
train_score is 0.6524, denas_score is 0.2078
spearman_correlation -0.1155
epoch is 1972
train_score is 0.6907, denas_score is 0.0582
spearman_correlation -0.1202
epoch is 1997
train_score is 0.6583, denas_score is 0.1835
spearman_correlation -0.1203
epoch is 2002
train_score is 0.7093, denas_score is 0.1197
spearman_correlation -0.1190
epoch is 2012
train_score is 0.6414, denas_score is 0.0711
spearman_correlation -0.1161
epoch is 2019
train_score is 0.5777, denas_score is 0.1435
spearman_correlation -0.1190
epoch is 2045
train_score is 0.6936, denas_score is 0.0562
spearman_correlation -0.1240
epoch is 2055
train_score is 0.6415, denas_score is 0.1213
spearman_correlation -0.1243
epoch is 2061
train_score is 0.6433, denas_score is 0.0664
spearman_correlation -0.1217
epoch is 2063
train_score is 0.5461, denas_score is 0.0811
spearman_correlation -0.1163
epoch is 2069
train_score is 0.6676, denas_score is 0.1193
spearman_correlation -0.1163
epoch is 2071
train_score is 0.6548, denas_score is 0.1609
spearman_correlation -0.1167
epoch is 2076
train_score is 0.6858, denas_score is 0.0577
spearman_correlation -0.1208
epoch is 2080
train_score is 0.6735, denas_score is 0.0822
spearman_correlation -0.1218
epoch is 2087
train_score is 0.6634, denas_score is 0.0670
spearman_correlation -0.1214
epoch is 2090
train_score is 0.5999, denas_score is 0.0807
spearman_correlation -0.1170
epoch is 2099
train_score is 0.6517, denas_score is 0.0602
spearman_correlation -0.1153
epoch is 2100
train_score is 0.6717, denas_score is 0.1367
spearman_correlation -0.1146
epoch is 2107
train_score is 0.6736, denas_score is 0.2829
spearman_correlation -0.1115
epoch is 2117
train_score is 0.6658, denas_score is 0.0957
spearman_correlation -0.1116
epoch is 2118
train_score is 0.6546, denas_score is 0.0937
spearman_correlation -0.1110
epoch is 2122
train_score is 0.6866, denas_score is 0.1595
spearman_correlation -0.1086
epoch is 2130
train_score is 0.6236, denas_score is 0.1164
spearman_correlation -0.1090
epoch is 2140
train_score is 0.6304, denas_score is 0.1926
spearman_correlation -0.1124
epoch is 2145
train_score is 0.7138, denas_score is 0.1836
spearman_correlation -0.1070
epoch is 2147
train_score is 0.6509, denas_score is 0.2108
spearman_correlation -0.1078
epoch is 2150
train_score is 0.6781, denas_score is 0.6597
spearman_correlation -0.1033
epoch is 2160
train_score is 0.6700, denas_score is 0.1334
spearman_correlation -0.1029
epoch is 2174
train_score is 0.6493, denas_score is 0.0668
spearman_correlation -0.1011
epoch is 2177
train_score is 0.6012, denas_score is 0.0688
spearman_correlation -0.0957
epoch is 2182
train_score is 0.6127, denas_score is 0.0719
spearman_correlation -0.0909
epoch is 2185
train_score is 0.7167, denas_score is 0.1579
spearman_correlation -0.0868
epoch is 2198
train_score is 0.5145, denas_score is 0.2672
spearman_correlation -0.0941
epoch is 2200
train_score is 0.6665, denas_score is 0.1051
spearman_correlation -0.0940
epoch is 2201
train_score is 0.6591, denas_score is 0.0969
spearman_correlation -0.0937
epoch is 2213
train_score is 0.6187, denas_score is 0.0569
spearman_correlation -0.0878
epoch is 2229
train_score is 0.6661, denas_score is 0.2687
spearman_correlation -0.0864
epoch is 2240
train_score is 0.6433, denas_score is 0.0909
spearman_correlation -0.0853
epoch is 2243
train_score is 0.6647, denas_score is 0.1747
spearman_correlation -0.0850
epoch is 2256
train_score is 0.7085, denas_score is 0.0825
spearman_correlation -0.0873
epoch is 2259
train_score is 0.3297, denas_score is 0.3475
spearman_correlation -0.0951
epoch is 2266
train_score is 0.6504, denas_score is 0.0889
spearman_correlation -0.0943
epoch is 2272
train_score is 0.6431, denas_score is 0.0746
spearman_correlation -0.0921
epoch is 2284
train_score is 0.6418, denas_score is 0.0542
spearman_correlation -0.0892
epoch is 2285
train_score is 0.6752, denas_score is 0.1053
spearman_correlation -0.0893
epoch is 2286
train_score is 0.6601, denas_score is 0.1656
spearman_correlation -0.0894
epoch is 2307
train_score is 0.6531, denas_score is 0.2850
spearman_correlation -0.0894
epoch is 2315
train_score is 0.5546, denas_score is 0.0671
spearman_correlation -0.0827
epoch is 2320
train_score is 0.6314, denas_score is 0.0950
spearman_correlation -0.0814
epoch is 2327
train_score is 0.6786, denas_score is 0.0836
spearman_correlation -0.0828
epoch is 2336
train_score is 0.7109, denas_score is 0.1051
spearman_correlation -0.0827
epoch is 2337
train_score is 0.6202, denas_score is 0.0623
spearman_correlation -0.0777
epoch is 2343
train_score is 0.6451, denas_score is 0.0824
spearman_correlation -0.0762
epoch is 2350
train_score is 0.6455, denas_score is 0.1621
spearman_correlation -0.0772
epoch is 2361
train_score is 0.6809, denas_score is 0.2146
spearman_correlation -0.0745
epoch is 2365
train_score is 0.6314, denas_score is 0.0724
spearman_correlation -0.0711
epoch is 2370
train_score is 0.6801, denas_score is 0.1828
spearman_correlation -0.0690
epoch is 2373
train_score is 0.6163, denas_score is 0.0733
spearman_correlation -0.0649
epoch is 2376
train_score is 0.5842, denas_score is 0.0759
spearman_correlation -0.0600
epoch is 2377
train_score is 0.5363, denas_score is 0.0863
spearman_correlation -0.0568
epoch is 2387
train_score is 0.6745, denas_score is 0.0592
spearman_correlation -0.0594
epoch is 2389
train_score is 0.6485, denas_score is 0.0744
spearman_correlation -0.0580
epoch is 2390
train_score is 0.6722, denas_score is 0.1272
spearman_correlation -0.0575
epoch is 2396
train_score is 0.7121, denas_score is 0.0743
spearman_correlation -0.0617
epoch is 2411
train_score is 0.6749, denas_score is 0.1066
spearman_correlation -0.0618
epoch is 2412
train_score is 0.7107, denas_score is 0.0991
spearman_correlation -0.0621
epoch is 2414
train_score is 0.6763, denas_score is 0.1678
spearman_correlation -0.0609
epoch is 2417
train_score is 0.6663, denas_score is 0.1480
spearman_correlation -0.0606
epoch is 2422
train_score is 0.6561, denas_score is 0.1690
spearman_correlation -0.0610
epoch is 2425
train_score is 0.6892, denas_score is 0.1378
spearman_correlation -0.0595
epoch is 2426
train_score is 0.7127, denas_score is 0.0871
spearman_correlation -0.0613
epoch is 2439
train_score is 0.6388, denas_score is 0.0926
spearman_correlation -0.0602
epoch is 2449
train_score is 0.6666, denas_score is 0.1013
spearman_correlation -0.0601
epoch is 2463
train_score is 0.6729, denas_score is 0.0753
spearman_correlation -0.0613
epoch is 2465
train_score is 0.6746, denas_score is 0.1036
spearman_correlation -0.0615
epoch is 2470
train_score is 0.6514, denas_score is 0.1262
spearman_correlation -0.0614
epoch is 2472
train_score is 0.6760, denas_score is 0.0821
spearman_correlation -0.0624
epoch is 2480
train_score is 0.5461, denas_score is 0.0776
spearman_correlation -0.0579
epoch is 2481
train_score is 0.6684, denas_score is 0.0786
spearman_correlation -0.0582
epoch is 2489
train_score is 0.7055, denas_score is 0.0707
spearman_correlation -0.0618
epoch is 2492
train_score is 0.5821, denas_score is 0.0790
spearman_correlation -0.0578
epoch is 2495
train_score is 0.6801, denas_score is 0.0681
spearman_correlation -0.0603
epoch is 2497
train_score is 0.6386, denas_score is 0.0890
spearman_correlation -0.0593
epoch is 2504
train_score is 0.6997, denas_score is 0.1092
spearman_correlation -0.0590
epoch is 2512
train_score is 0.6459, denas_score is 0.1600
spearman_correlation -0.0600
epoch is 2515
train_score is 0.7100, denas_score is 0.0813
spearman_correlation -0.0622
epoch is 2525
train_score is 0.6736, denas_score is 0.0720
spearman_correlation -0.0638
epoch is 2526
train_score is 0.6301, denas_score is 0.1695
spearman_correlation -0.0666
epoch is 2528
train_score is 0.6795, denas_score is 0.0966
spearman_correlation -0.0670
epoch is 2530
train_score is 0.0763, denas_score is 0.0678
spearman_correlation -0.0604
epoch is 2536
train_score is 0.6747, denas_score is 0.1181
spearman_correlation -0.0603
epoch is 2538
train_score is 0.6795, denas_score is 0.0567
spearman_correlation -0.0636
epoch is 2542
train_score is 0.7079, denas_score is 0.1164
spearman_correlation -0.0628
epoch is 2550
train_score is 0.6400, denas_score is 0.1662
spearman_correlation -0.0649
epoch is 2561
train_score is 0.7150, denas_score is 0.1612
spearman_correlation -0.0614
epoch is 2563
train_score is 0.6392, denas_score is 0.1395
spearman_correlation -0.0627
epoch is 2571
train_score is 0.6262, denas_score is 0.1443
spearman_correlation -0.0646
epoch is 2576
train_score is 0.6227, denas_score is 0.0598
spearman_correlation -0.0600
epoch is 2581
train_score is 0.5630, denas_score is 0.0540
spearman_correlation -0.0530
epoch is 2593
train_score is 0.7066, denas_score is 0.1293
spearman_correlation -0.0515
epoch is 2603
train_score is 0.6358, denas_score is 0.0560
spearman_correlation -0.0480
epoch is 2619
train_score is 0.6426, denas_score is 0.1453
spearman_correlation -0.0490
epoch is 2622
train_score is 0.6546, denas_score is 0.2449
spearman_correlation -0.0492
epoch is 2626
train_score is 0.5709, denas_score is 0.0726
spearman_correlation -0.0444
epoch is 2638
train_score is 0.6030, denas_score is 0.1213
spearman_correlation -0.0455
epoch is 2646
train_score is 0.6073, denas_score is 0.2350
spearman_correlation -0.0501
epoch is 2658
train_score is 0.7108, denas_score is 0.0629
spearman_correlation -0.0547
epoch is 2675
train_score is 0.6702, denas_score is 0.1266
spearman_correlation -0.0546
epoch is 2682
train_score is 0.6674, denas_score is 0.1125
spearman_correlation -0.0547
epoch is 2686
train_score is 0.6200, denas_score is 0.0551
spearman_correlation -0.0498
epoch is 2696
train_score is 0.6220, denas_score is 0.1232
spearman_correlation -0.0507
epoch is 2714
train_score is 0.6417, denas_score is 0.1489
spearman_correlation -0.0518
epoch is 2715
train_score is 0.6446, denas_score is 0.1671
spearman_correlation -0.0529
epoch is 2716
train_score is 0.6705, denas_score is 0.1313
spearman_correlation -0.0527
epoch is 2719
train_score is 0.6008, denas_score is 0.0672
spearman_correlation -0.0483
epoch is 2722
train_score is 0.6484, denas_score is 0.0642
spearman_correlation -0.0470
epoch is 2727
train_score is 0.6614, denas_score is 0.0640
spearman_correlation -0.0470
epoch is 2732
train_score is 0.5612, denas_score is 0.0744
spearman_correlation -0.0425
epoch is 2739
train_score is 0.6356, denas_score is 0.1654
spearman_correlation -0.0448
epoch is 2740
train_score is 0.6378, denas_score is 0.0676
spearman_correlation -0.0423
epoch is 2747
train_score is 0.6368, denas_score is 0.1763
spearman_correlation -0.0445
epoch is 2749
train_score is 0.6173, denas_score is 0.0558
spearman_correlation -0.0397
epoch is 2751
train_score is 0.6816, denas_score is 0.1059
spearman_correlation -0.0398
epoch is 2758
train_score is 0.6686, denas_score is 0.1358
spearman_correlation -0.0395
epoch is 2762
train_score is 0.6639, denas_score is 0.1257
spearman_correlation -0.0394
epoch is 2763
train_score is 0.6321, denas_score is 0.2398
spearman_correlation -0.0424
epoch is 2764
train_score is 0.7060, denas_score is 0.1399
spearman_correlation -0.0406
epoch is 2767
train_score is 0.7136, denas_score is 0.0740
spearman_correlation -0.0440
epoch is 2771
train_score is 0.6197, denas_score is 0.0797
spearman_correlation -0.0414
epoch is 2777
train_score is 0.7079, denas_score is 0.1194
spearman_correlation -0.0408
epoch is 2781
train_score is 0.6804, denas_score is 0.1547
spearman_correlation -0.0395
epoch is 2783
train_score is 0.6579, denas_score is 0.3047
spearman_correlation -0.0394
epoch is 2788
train_score is 0.5216, denas_score is 0.0760
spearman_correlation -0.0352
epoch is 2790
train_score is 0.6736, denas_score is 0.1131
spearman_correlation -0.0354
epoch is 2796
train_score is 0.6499, denas_score is 0.3725
spearman_correlation -0.0360
epoch is 2804
train_score is 0.6352, denas_score is 0.1224
spearman_correlation -0.0366
epoch is 2809
train_score is 0.6788, denas_score is 0.0958
spearman_correlation -0.0372
epoch is 2813
train_score is 0.6280, denas_score is 0.1231
spearman_correlation -0.0377
epoch is 2816
train_score is 0.7053, denas_score is 0.1417
spearman_correlation -0.0360
epoch is 2822
train_score is 0.7066, denas_score is 0.0932
spearman_correlation -0.0370
epoch is 2823
train_score is 0.7064, denas_score is 0.1394
spearman_correlation -0.0352
epoch is 2839
train_score is 0.6652, denas_score is 0.1297
spearman_correlation -0.0352
epoch is 2844
train_score is 0.5575, denas_score is 0.0821
spearman_correlation -0.0320
epoch is 2852
train_score is 0.7068, denas_score is 0.1699
spearman_correlation -0.0293
epoch is 2853
train_score is 0.6755, denas_score is 0.0856
spearman_correlation -0.0301
epoch is 2867
train_score is 0.6262, denas_score is 0.4028
spearman_correlation -0.0336
epoch is 2868
train_score is 0.6686, denas_score is 0.0762
spearman_correlation -0.0340
epoch is 2882
train_score is 0.6894, denas_score is 0.0509
spearman_correlation -0.0382
epoch is 2888
train_score is 0.7241, denas_score is 0.0939
spearman_correlation -0.0393
epoch is 2894
train_score is 0.6473, denas_score is 0.1348
spearman_correlation -0.0397
epoch is 2912
train_score is 0.6535, denas_score is 0.1476
spearman_correlation -0.0399
epoch is 2920
train_score is 0.6039, denas_score is 0.3450
spearman_correlation -0.0445
epoch is 2926
train_score is 0.7059, denas_score is 0.0820
spearman_correlation -0.0460
epoch is 2944
train_score is 0.6923, denas_score is 0.1967
spearman_correlation -0.0433
epoch is 2945
train_score is 0.5185, denas_score is 0.4153
spearman_correlation -0.0493
epoch is 2946
train_score is 0.6188, denas_score is 0.1313
spearman_correlation -0.0504
epoch is 2952
train_score is 0.6326, denas_score is 0.0931
spearman_correlation -0.0493
epoch is 2956
train_score is 0.6378, denas_score is 0.1699
spearman_correlation -0.0512
epoch is 2964
train_score is 0.5620, denas_score is 0.2722
spearman_correlation -0.0562
epoch is 2970
train_score is 0.6332, denas_score is 0.1798
spearman_correlation -0.0584
epoch is 2980
train_score is 0.7109, denas_score is 0.1867
spearman_correlation -0.0548
epoch is 2984
train_score is 0.5399, denas_score is 0.1163
spearman_correlation -0.0550
epoch is 2986
train_score is 0.6738, denas_score is 0.1228
spearman_correlation -0.0549
epoch is 2991
train_score is 0.6745, denas_score is 0.1108
spearman_correlation -0.0552
epoch is 2996
train_score is 0.7078, denas_score is 0.1443
spearman_correlation -0.0532
epoch is 2998
train_score is 0.6865, denas_score is 0.1362
spearman_correlation -0.0521
epoch is 2999
train_score is 0.6447, denas_score is 0.3150
spearman_correlation -0.0532
epoch is 3007
train_score is 0.6362, denas_score is 0.0655
spearman_correlation -0.0507
epoch is 3013
train_score is 0.5946, denas_score is 0.0679
spearman_correlation -0.0465
epoch is 3019
train_score is 0.6811, denas_score is 0.0599
spearman_correlation -0.0491
epoch is 3020
train_score is 0.6494, denas_score is 0.0590
spearman_correlation -0.0480
epoch is 3023
train_score is 0.6418, denas_score is 0.1141
spearman_correlation -0.0481
epoch is 3033
train_score is 0.6442, denas_score is 0.1656
spearman_correlation -0.0491
epoch is 3037
train_score is 0.6739, denas_score is 0.0676
spearman_correlation -0.0505
epoch is 3041
train_score is 0.6674, denas_score is 0.1490
spearman_correlation -0.0504
epoch is 3053
train_score is 0.6535, denas_score is 0.4071
spearman_correlation -0.0504
epoch is 3054
train_score is 0.6268, denas_score is 0.1165
spearman_correlation -0.0505
epoch is 3055
train_score is 0.6318, denas_score is 0.1132
spearman_correlation -0.0506
epoch is 3059
train_score is 0.6261, denas_score is 0.0691
spearman_correlation -0.0475
epoch is 3069
train_score is 0.6229, denas_score is 0.0740
spearman_correlation -0.0445
epoch is 3074
train_score is 0.6369, denas_score is 0.0919
spearman_correlation -0.0435
epoch is 3075
train_score is 0.6530, denas_score is 0.0762
spearman_correlation -0.0427
epoch is 3083
train_score is 0.6472, denas_score is 0.0988
spearman_correlation -0.0423
epoch is 3085
train_score is 0.7046, denas_score is 0.1584
spearman_correlation -0.0403
epoch is 3086
train_score is 0.6756, denas_score is 0.0834
spearman_correlation -0.0411
epoch is 3096
train_score is 0.6105, denas_score is 0.1303
spearman_correlation -0.0423
epoch is 3100
train_score is 0.6683, denas_score is 0.2280
spearman_correlation -0.0417
epoch is 3113
train_score is 0.6201, denas_score is 0.2437
spearman_correlation -0.0450
epoch is 3114
train_score is 0.6914, denas_score is 0.1746
spearman_correlation -0.0429
epoch is 3115
train_score is 0.7071, denas_score is 0.1295
spearman_correlation -0.0417
epoch is 3116
train_score is 0.6300, denas_score is 0.0683
spearman_correlation -0.0389
epoch is 3118
train_score is 0.6905, denas_score is 0.0648
spearman_correlation -0.0418
epoch is 3124
train_score is 0.6655, denas_score is 0.1420
spearman_correlation -0.0417
epoch is 3132
train_score is 0.6636, denas_score is 0.0942
spearman_correlation -0.0416
epoch is 3133
train_score is 0.7117, denas_score is 0.0819
spearman_correlation -0.0435
epoch is 3140
train_score is 0.7017, denas_score is 0.1250
spearman_correlation -0.0427
epoch is 3162
train_score is 0.6673, denas_score is 0.2431
spearman_correlation -0.0422
epoch is 3163
train_score is 0.6513, denas_score is 0.2806
spearman_correlation -0.0426
epoch is 3170
train_score is 0.6350, denas_score is 0.1398
spearman_correlation -0.0437
epoch is 3171
train_score is 0.6023, denas_score is 0.0963
spearman_correlation -0.0426
epoch is 3173
train_score is 0.7140, denas_score is 0.1600
spearman_correlation -0.0400
epoch is 3185
train_score is 0.6462, denas_score is 0.1440
spearman_correlation -0.0405
epoch is 3187
train_score is 0.6381, denas_score is 0.2308
spearman_correlation -0.0424
epoch is 3196
train_score is 0.6374, denas_score is 0.1334
spearman_correlation -0.0429
epoch is 3200
train_score is 0.6650, denas_score is 0.0720
spearman_correlation -0.0432
epoch is 3219
train_score is 0.6773, denas_score is 0.0629
spearman_correlation -0.0452
epoch is 3224
train_score is 0.6375, denas_score is 0.6706
spearman_correlation -0.0473
epoch is 3226
train_score is 0.6870, denas_score is 0.1084
spearman_correlation -0.0473
epoch is 3242
train_score is 0.7022, denas_score is 0.0881
spearman_correlation -0.0484
epoch is 3246
train_score is 0.6287, denas_score is 0.1517
spearman_correlation -0.0500
epoch is 3253
train_score is 0.6641, denas_score is 0.1877
spearman_correlation -0.0499
epoch is 3264
train_score is 0.6607, denas_score is 0.1689
spearman_correlation -0.0501
epoch is 3271
train_score is 0.6298, denas_score is 0.2698
spearman_correlation -0.0529
epoch is 3274
train_score is 0.6669, denas_score is 0.2653
spearman_correlation -0.0522
epoch is 3284
train_score is 0.7099, denas_score is 0.0974
spearman_correlation -0.0528
epoch is 3288
train_score is 0.7168, denas_score is 0.1282
spearman_correlation -0.0515
epoch is 3291
train_score is 0.7093, denas_score is 0.1046
spearman_correlation -0.0517
epoch is 3293
train_score is 0.6548, denas_score is 0.2509
spearman_correlation -0.0519
epoch is 3294
train_score is 0.6914, denas_score is 0.1402
spearman_correlation -0.0507
epoch is 3297
train_score is 0.6277, denas_score is 0.0639
spearman_correlation -0.0476
epoch is 3302
train_score is 0.6408, denas_score is 0.0573
spearman_correlation -0.0455
epoch is 3306
train_score is 0.5713, denas_score is 0.1514
spearman_correlation -0.0478
epoch is 3309
train_score is 0.6459, denas_score is 0.0723
spearman_correlation -0.0467
epoch is 3325
train_score is 0.6300, denas_score is 0.1228
spearman_correlation -0.0470
epoch is 3339
train_score is 0.6709, denas_score is 0.1077
spearman_correlation -0.0472
epoch is 3341
train_score is 0.6383, denas_score is 0.1360
spearman_correlation -0.0479
epoch is 3347
train_score is 0.6373, denas_score is 0.1696
spearman_correlation -0.0494
epoch is 3348
train_score is 0.6425, denas_score is 0.1242
spearman_correlation -0.0496
epoch is 3358
train_score is 0.6643, denas_score is 0.0784
spearman_correlation -0.0495
epoch is 3366
train_score is 0.6241, denas_score is 0.0696
spearman_correlation -0.0466
epoch is 3375
train_score is 0.6218, denas_score is 0.0564
spearman_correlation -0.0428
epoch is 3377
train_score is 0.6661, denas_score is 0.0916
spearman_correlation -0.0429
epoch is 3405
train_score is 0.6181, denas_score is 0.2964
spearman_correlation -0.0465
epoch is 3410
train_score is 0.6275, denas_score is 0.2427
spearman_correlation -0.0491
epoch is 3413
train_score is 0.6275, denas_score is 0.1906
spearman_correlation -0.0514
epoch is 3418
train_score is 0.6318, denas_score is 0.0705
spearman_correlation -0.0490
epoch is 3426
train_score is 0.6642, denas_score is 0.1636
spearman_correlation -0.0491
epoch is 3430
train_score is 0.6746, denas_score is 0.0792
spearman_correlation -0.0499
epoch is 3433
train_score is 0.6213, denas_score is 0.1066
spearman_correlation -0.0497
epoch is 3434
train_score is 0.6393, denas_score is 0.1472
spearman_correlation -0.0506
epoch is 3440
train_score is 0.6641, denas_score is 0.2140
spearman_correlation -0.0504
epoch is 3450
train_score is 0.4009, denas_score is 0.2915
spearman_correlation -0.0553
epoch is 3451
train_score is 0.6491, denas_score is 0.0683
spearman_correlation -0.0544
epoch is 3453
train_score is 0.6643, denas_score is 0.2021
spearman_correlation -0.0543
epoch is 3455
train_score is 0.5400, denas_score is 0.6121
spearman_correlation -0.0590
epoch is 3458
train_score is 0.6939, denas_score is 0.1144
spearman_correlation -0.0589
epoch is 3461
train_score is 0.6751, denas_score is 0.0755
spearman_correlation -0.0601
epoch is 3463
train_score is 0.6813, denas_score is 0.0927
spearman_correlation -0.0607
epoch is 3477
train_score is 0.6642, denas_score is 0.1156
spearman_correlation -0.0607
epoch is 3492
train_score is 0.6295, denas_score is 0.3230
spearman_correlation -0.0634
epoch is 3494
train_score is 0.7044, denas_score is 0.1012
spearman_correlation -0.0636
epoch is 3496
train_score is 0.6605, denas_score is 0.0886
spearman_correlation -0.0635
epoch is 3512
train_score is 0.6197, denas_score is 0.0545
spearman_correlation -0.0597
epoch is 3518
train_score is 0.6294, denas_score is 0.1655
spearman_correlation -0.0614
epoch is 3520
train_score is 0.6157, denas_score is 0.1127
spearman_correlation -0.0615
epoch is 3528
train_score is 0.6439, denas_score is 0.0781
spearman_correlation -0.0604
epoch is 3534
train_score is 0.6502, denas_score is 0.0620
spearman_correlation -0.0596
epoch is 3537
train_score is 0.6139, denas_score is 0.2374
spearman_correlation -0.0628
epoch is 3538
train_score is 0.6453, denas_score is 0.1620
spearman_correlation -0.0635
epoch is 3541
train_score is 0.7078, denas_score is 0.1103
spearman_correlation -0.0635
epoch is 3549
train_score is 0.6742, denas_score is 0.0985
spearman_correlation -0.0638
epoch is 3550
train_score is 0.6385, denas_score is 0.0769
spearman_correlation -0.0623
epoch is 3551
train_score is 0.6131, denas_score is 0.3037
spearman_correlation -0.0659
epoch is 3553
train_score is 0.6618, denas_score is 0.1334
spearman_correlation -0.0658
epoch is 3560
train_score is 0.3751, denas_score is 0.0678
spearman_correlation -0.0614
epoch is 3561
train_score is 0.6202, denas_score is 0.0944
spearman_correlation -0.0602
epoch is 3573
train_score is 0.6049, denas_score is 0.0678
spearman_correlation -0.0569
epoch is 3582
train_score is 0.6679, denas_score is 0.0604
spearman_correlation -0.0579
epoch is 3583
train_score is 0.6589, denas_score is 0.1634
spearman_correlation -0.0580
epoch is 3584
train_score is 0.7200, denas_score is 0.0660
spearman_correlation -0.0618
epoch is 3589
train_score is 0.6721, denas_score is 0.1057
spearman_correlation -0.0620
epoch is 3590
train_score is 0.6627, denas_score is 0.1193
spearman_correlation -0.0620
epoch is 3592
train_score is 0.7031, denas_score is 0.0956
spearman_correlation -0.0625
epoch is 3594
train_score is 0.6659, denas_score is 0.1285
spearman_correlation -0.0624
epoch is 3607
train_score is 0.6406, denas_score is 0.1241
spearman_correlation -0.0627
epoch is 3621
train_score is 0.6396, denas_score is 0.0804
spearman_correlation -0.0614
epoch is 3627
train_score is 0.6716, denas_score is 0.0528
spearman_correlation -0.0629
epoch is 3628
train_score is 0.6633, denas_score is 0.1099
spearman_correlation -0.0630
epoch is 3636
train_score is 0.6126, denas_score is 0.2608
spearman_correlation -0.0663
epoch is 3642
train_score is 0.5813, denas_score is 0.0952
spearman_correlation -0.0650
epoch is 3643
train_score is 0.6827, denas_score is 0.0677
spearman_correlation -0.0669
epoch is 3647
train_score is 0.6191, denas_score is 0.0755
spearman_correlation -0.0644
epoch is 3648
train_score is 0.6026, denas_score is 0.2004
spearman_correlation -0.0673
epoch is 3650
train_score is 0.7084, denas_score is 0.1512
spearman_correlation -0.0655
epoch is 3655
train_score is 0.6762, denas_score is 0.1034
spearman_correlation -0.0657
epoch is 3659
train_score is 0.6580, denas_score is 0.1613
spearman_correlation -0.0660
epoch is 3665
train_score is 0.6588, denas_score is 0.1949
spearman_correlation -0.0661
epoch is 3669
train_score is 0.6371, denas_score is 0.0593
spearman_correlation -0.0639
epoch is 3671
train_score is 0.6381, denas_score is 0.0863
spearman_correlation -0.0629
epoch is 3678
train_score is 0.7063, denas_score is 0.0979
spearman_correlation -0.0633
epoch is 3685
train_score is 0.6829, denas_score is 0.1715
spearman_correlation -0.0617
epoch is 3693
train_score is 0.6422, denas_score is 0.0559
spearman_correlation -0.0602
epoch is 3700
train_score is 0.6399, denas_score is 0.1277
spearman_correlation -0.0605
epoch is 3705
train_score is 0.6736, denas_score is 0.0915
spearman_correlation -0.0610
epoch is 3709
train_score is 0.6621, denas_score is 0.1125
spearman_correlation -0.0611
epoch is 3730
train_score is 0.6805, denas_score is 0.2016
spearman_correlation -0.0595
epoch is 3732
train_score is 0.6419, denas_score is 0.0692
spearman_correlation -0.0582
epoch is 3752
train_score is 0.7085, denas_score is 0.1276
spearman_correlation -0.0572
epoch is 3759
train_score is 0.6369, denas_score is 0.0844
spearman_correlation -0.0561
epoch is 3766
train_score is 0.6493, denas_score is 0.1808
spearman_correlation -0.0565
epoch is 3769
train_score is 0.6704, denas_score is 0.1718
spearman_correlation -0.0561
epoch is 3773
train_score is 0.6496, denas_score is 0.0836
spearman_correlation -0.0554
epoch is 3779
train_score is 0.6871, denas_score is 0.1076
spearman_correlation -0.0555
epoch is 3783
train_score is 0.6468, denas_score is 0.1502
spearman_correlation -0.0559
epoch is 3785
train_score is 0.5591, denas_score is 0.0783
spearman_correlation -0.0531
epoch is 3791
train_score is 0.6109, denas_score is 0.0718
spearman_correlation -0.0503
epoch is 3804
train_score is 0.6764, denas_score is 0.1143
spearman_correlation -0.0503
epoch is 3811
train_score is 0.2706, denas_score is 0.1401
spearman_correlation -0.0521
epoch is 3814
train_score is 0.6815, denas_score is 0.1039
spearman_correlation -0.0522
epoch is 3822
train_score is 0.6375, denas_score is 0.3149
spearman_correlation -0.0540
epoch is 3824
train_score is 0.6402, denas_score is 0.3165
spearman_correlation -0.0554
epoch is 3844
train_score is 0.6826, denas_score is 0.0527
spearman_correlation -0.0580
epoch is 3852
train_score is 0.6788, denas_score is 0.2018
spearman_correlation -0.0566
epoch is 3854
train_score is 0.6739, denas_score is 0.2528
spearman_correlation -0.0553
epoch is 3858
train_score is 0.6088, denas_score is 0.0800
spearman_correlation -0.0532
epoch is 3866
train_score is 0.6753, denas_score is 0.0883
spearman_correlation -0.0537
epoch is 3891
train_score is 0.5623, denas_score is 0.2241
spearman_correlation -0.0571
number of model with nan denas score 0
