epoch is 31
train_score is 0.6430, denas_score is 684867.5996
spearman_correlation nan
epoch is 37
train_score is 0.6741, denas_score is 10174748.2188
spearman_correlation 1.0000
epoch is 40
train_score is 0.6030, denas_score is 8168936.8906
spearman_correlation 0.5000
epoch is 44
train_score is 0.7179, denas_score is 7144154.0781
spearman_correlation 0.0000
epoch is 48
train_score is 0.6915, denas_score is 6992866.0156
spearman_correlation -0.1000
epoch is 49
train_score is 0.7100, denas_score is 912838.2324
spearman_correlation -0.1429
epoch is 54
train_score is 0.6981, denas_score is 88526.9480
spearman_correlation -0.2500
epoch is 55
train_score is 0.6613, denas_score is 82755.8958
spearman_correlation -0.0238
epoch is 57
train_score is 0.6677, denas_score is 57729.6279
spearman_correlation 0.1000
epoch is 61
train_score is 0.6742, denas_score is 7830.6214
spearman_correlation 0.0545
epoch is 66
train_score is 0.6624, denas_score is 7943503.4062
spearman_correlation -0.0727
epoch is 68
train_score is 0.6640, denas_score is 73922.6519
spearman_correlation -0.0420
epoch is 77
train_score is 0.6749, denas_score is 8543.6198
spearman_correlation -0.0824
epoch is 80
train_score is 0.6597, denas_score is 9853865.6250
spearman_correlation -0.2044
epoch is 85
train_score is 0.6465, denas_score is 8163345.2969
spearman_correlation -0.2964
epoch is 88
train_score is 0.6646, denas_score is 7895293.2344
spearman_correlation -0.3324
epoch is 89
train_score is 0.6866, denas_score is 8530.5766
spearman_correlation -0.3578
epoch is 95
train_score is 0.7017, denas_score is 69270.0034
spearman_correlation -0.3787
epoch is 106
train_score is 0.7071, denas_score is 786515.1426
spearman_correlation -0.3228
epoch is 112
train_score is 0.6427, denas_score is 8170883.0938
spearman_correlation -0.3970
epoch is 115
train_score is 0.6825, denas_score is 8789.3525
spearman_correlation -0.3974
epoch is 116
train_score is 0.6920, denas_score is 7205820.0469
spearman_correlation -0.3710
epoch is 117
train_score is 0.6657, denas_score is 698629.3477
spearman_correlation -0.3587
epoch is 123
train_score is 0.7133, denas_score is 761776.8418
spearman_correlation -0.3200
epoch is 129
train_score is 0.6680, denas_score is 60899.5602
spearman_correlation -0.3038
epoch is 131
train_score is 0.6754, denas_score is 8466709.0625
spearman_correlation -0.2670
epoch is 138
train_score is 0.6845, denas_score is 10236253.0625
spearman_correlation -0.2112
epoch is 150
train_score is 0.6614, denas_score is 700059.7383
spearman_correlation -0.1938
epoch is 152
train_score is 0.7131, denas_score is 753812.6816
spearman_correlation -0.1729
epoch is 153
train_score is 0.6975, denas_score is 69204.4373
spearman_correlation -0.1898
epoch is 154
train_score is 0.6718, denas_score is 89212.9612
spearman_correlation -0.1794
epoch is 156
train_score is 0.6661, denas_score is 698572.7441
spearman_correlation -0.1727
epoch is 166
train_score is 0.6914, denas_score is 870369.0332
spearman_correlation -0.1578
epoch is 167
train_score is 0.6865, denas_score is 8205058.4531
spearman_correlation -0.1328
epoch is 168
train_score is 0.6736, denas_score is 824011.3574
spearman_correlation -0.1280
epoch is 177
train_score is 0.6735, denas_score is 791128.1523
spearman_correlation -0.1230
epoch is 180
train_score is 0.6773, denas_score is 789632.1621
spearman_correlation -0.1171
epoch is 185
train_score is 0.6776, denas_score is 8160.7564
spearman_correlation -0.1227
epoch is 190
train_score is 0.6900, denas_score is 8201565.4219
spearman_correlation -0.0907
epoch is 194
train_score is 0.6829, denas_score is 6940.9860
spearman_correlation -0.0959
epoch is 203
train_score is 0.7035, denas_score is 856189.6328
spearman_correlation -0.0775
epoch is 206
train_score is 0.6923, denas_score is 7818.0873
spearman_correlation -0.1126
epoch is 207
train_score is 0.6451, denas_score is 10116402.6562
spearman_correlation -0.1610
epoch is 212
train_score is 0.6951, denas_score is 8345811.1250
spearman_correlation -0.1274
epoch is 216
train_score is 0.6956, denas_score is 10258505.7812
spearman_correlation -0.0833
epoch is 221
train_score is 0.6879, denas_score is 75815.6318
spearman_correlation -0.0857
epoch is 231
train_score is 0.7053, denas_score is 786508.9258
spearman_correlation -0.0811
epoch is 233
train_score is 0.6573, denas_score is 8259427.7344
spearman_correlation -0.1175
epoch is 237
train_score is 0.6612, denas_score is 8162239.0781
spearman_correlation -0.1480
epoch is 242
train_score is 0.7066, denas_score is 7372.2701
spearman_correlation -0.1841
epoch is 246
train_score is 0.6619, denas_score is 8108510.5000
spearman_correlation -0.2071
epoch is 248
train_score is 0.7230, denas_score is 7202350.4375
spearman_correlation -0.1906
epoch is 251
train_score is 0.6554, denas_score is 7981086.4531
spearman_correlation -0.2146
epoch is 264
train_score is 0.6882, denas_score is 70823.8413
spearman_correlation -0.2159
epoch is 272
train_score is 0.7136, denas_score is 855974.4727
spearman_correlation -0.2038
epoch is 275
train_score is 0.6842, denas_score is 8654.1558
spearman_correlation -0.1990
epoch is 278
train_score is 0.6911, denas_score is 8211779.9062
spearman_correlation -0.1803
epoch is 279
train_score is 0.6372, denas_score is 8122799.0781
spearman_correlation -0.2030
epoch is 281
train_score is 0.7196, denas_score is 7251302.6875
spearman_correlation -0.1898
epoch is 284
train_score is 0.6404, denas_score is 779619.3691
spearman_correlation -0.1759
epoch is 287
train_score is 0.7206, denas_score is 7251897.9688
spearman_correlation -0.1628
epoch is 290
train_score is 0.6698, denas_score is 73828.4141
spearman_correlation -0.1546
epoch is 293
train_score is 0.6636, denas_score is 580375.8711
spearman_correlation -0.1485
epoch is 297
train_score is 0.6689, denas_score is 67054.5754
spearman_correlation -0.1382
epoch is 300
train_score is 0.6934, denas_score is 8049362.2969
spearman_correlation -0.1291
epoch is 314
train_score is 0.7170, denas_score is 728869.3457
spearman_correlation -0.1269
epoch is 317
train_score is 0.6655, denas_score is 55156.6426
spearman_correlation -0.1152
epoch is 330
train_score is 0.6716, denas_score is 77016.7229
spearman_correlation -0.1085
epoch is 331
train_score is 0.7224, denas_score is 6890339.9844
spearman_correlation -0.0979
epoch is 336
train_score is 0.7078, denas_score is 8518.0694
spearman_correlation -0.1191
epoch is 340
train_score is 0.6763, denas_score is 8166116.1719
spearman_correlation -0.1209
epoch is 345
train_score is 0.6775, denas_score is 8256166.0781
spearman_correlation -0.1204
epoch is 356
train_score is 0.6911, denas_score is 81648.6506
spearman_correlation -0.1210
epoch is 360
train_score is 0.7203, denas_score is 7123120.5469
spearman_correlation -0.1104
epoch is 362
train_score is 0.7007, denas_score is 102076.1577
spearman_correlation -0.1140
epoch is 363
train_score is 0.7270, denas_score is 7219615.2969
spearman_correlation -0.1028
epoch is 377
train_score is 0.6812, denas_score is 6437128.6094
spearman_correlation -0.1019
epoch is 382
train_score is 0.6418, denas_score is 779423.0371
spearman_correlation -0.0942
epoch is 383
train_score is 0.7245, denas_score is 7087050.9688
spearman_correlation -0.0838
epoch is 389
train_score is 0.7091, denas_score is 804204.7227
spearman_correlation -0.0767
epoch is 394
train_score is 0.6788, denas_score is 8541.2412
spearman_correlation -0.0749
epoch is 398
train_score is 0.6845, denas_score is 85726.0725
spearman_correlation -0.0716
epoch is 399
train_score is 0.6811, denas_score is 10136392.4375
spearman_correlation -0.0714
epoch is 400
train_score is 0.6954, denas_score is 8758448.7500
spearman_correlation -0.0579
epoch is 403
train_score is 0.6445, denas_score is 8239312.5781
spearman_correlation -0.0804
epoch is 404
train_score is 0.7105, denas_score is 68523.7434
spearman_correlation -0.0917
epoch is 408
train_score is 0.6992, denas_score is 83859.7468
spearman_correlation -0.0963
epoch is 412
train_score is 0.7051, denas_score is 91626.7251
spearman_correlation -0.0997
epoch is 413
train_score is 0.6426, denas_score is 10247374.9375
spearman_correlation -0.1265
epoch is 414
train_score is 0.6935, denas_score is 88649.9734
spearman_correlation -0.1272
epoch is 416
train_score is 0.6699, denas_score is 7777.5574
spearman_correlation -0.1140
epoch is 417
train_score is 0.6970, denas_score is 69264.3687
spearman_correlation -0.1205
epoch is 423
train_score is 0.6738, denas_score is 732182.0898
spearman_correlation -0.1161
epoch is 437
train_score is 0.6656, denas_score is 7941769.2344
spearman_correlation -0.1305
epoch is 438
train_score is 0.7250, denas_score is 7094761.2969
spearman_correlation -0.1214
epoch is 442
train_score is 0.6884, denas_score is 10078574.2188
spearman_correlation -0.1142
epoch is 446
train_score is 0.6745, denas_score is 792935.4121
spearman_correlation -0.1113
epoch is 456
train_score is 0.7241, denas_score is 7265453.5000
spearman_correlation -0.1024
epoch is 460
train_score is 0.7217, denas_score is 7127264.5469
spearman_correlation -0.0942
epoch is 462
train_score is 0.7288, denas_score is 7252424.7031
spearman_correlation -0.0855
epoch is 464
train_score is 0.7146, denas_score is 6894569.8281
spearman_correlation -0.0779
epoch is 466
train_score is 0.6542, denas_score is 8188007.5469
spearman_correlation -0.0957
epoch is 467
train_score is 0.6791, denas_score is 8437412.1562
spearman_correlation -0.0972
epoch is 470
train_score is 0.7167, denas_score is 783146.3926
spearman_correlation -0.0938
epoch is 477
train_score is 0.7192, denas_score is 8770735.9062
spearman_correlation -0.0720
epoch is 489
train_score is 0.6802, denas_score is 784374.9688
spearman_correlation -0.0688
epoch is 499
train_score is 0.7045, denas_score is 8786593.5000
spearman_correlation -0.0564
epoch is 503
train_score is 0.6716, denas_score is 7776.3951
spearman_correlation -0.0451
epoch is 506
train_score is 0.7063, denas_score is 8518.9815
spearman_correlation -0.0560
epoch is 508
train_score is 0.6615, denas_score is 76212.1833
spearman_correlation -0.0476
epoch is 509
train_score is 0.7110, denas_score is 75338.3113
spearman_correlation -0.0536
epoch is 514
train_score is 0.6667, denas_score is 68538.5947
spearman_correlation -0.0455
epoch is 524
train_score is 0.7099, denas_score is 8409.1540
spearman_correlation -0.0567
epoch is 533
train_score is 0.6502, denas_score is 643472.9688
spearman_correlation -0.0509
epoch is 564
train_score is 0.7236, denas_score is 6857814.7812
spearman_correlation -0.0447
epoch is 570
train_score is 0.6795, denas_score is 779261.7949
spearman_correlation -0.0422
epoch is 573
train_score is 0.7089, denas_score is 82975.4939
spearman_correlation -0.0453
epoch is 580
train_score is 0.6700, denas_score is 63647.1676
spearman_correlation -0.0374
epoch is 583
train_score is 0.7119, denas_score is 82932.2402
spearman_correlation -0.0404
epoch is 584
train_score is 0.7171, denas_score is 7273960.5938
spearman_correlation -0.0335
epoch is 589
train_score is 0.7117, denas_score is 846282.4062
spearman_correlation -0.0279
epoch is 594
train_score is 0.6826, denas_score is 784340.3633
spearman_correlation -0.0255
epoch is 596
train_score is 0.6633, denas_score is 7400529.8750
spearman_correlation -0.0398
epoch is 600
train_score is 0.7244, denas_score is 8408245.9531
spearman_correlation -0.0212
epoch is 601
train_score is 0.6433, denas_score is 770216.1992
spearman_correlation -0.0173
epoch is 611
train_score is 0.6985, denas_score is 91369.0911
spearman_correlation -0.0194
epoch is 612
train_score is 0.7016, denas_score is 10183707.0312
spearman_correlation -0.0106
epoch is 614
train_score is 0.6816, denas_score is 143553.5928
spearman_correlation -0.0099
epoch is 619
train_score is 0.6913, denas_score is 7074503.3906
spearman_correlation -0.0086
epoch is 622
train_score is 0.7119, denas_score is 8458161.8125
spearman_correlation 0.0051
epoch is 624
train_score is 0.7175, denas_score is 8628726.3125
spearman_correlation 0.0208
epoch is 627
train_score is 0.6985, denas_score is 793754.2578
spearman_correlation 0.0230
epoch is 631
train_score is 0.6515, denas_score is 8197550.4688
spearman_correlation 0.0093
epoch is 633
train_score is 0.6870, denas_score is 9486.6172
spearman_correlation 0.0094
epoch is 637
train_score is 0.6887, denas_score is 6986.3646
spearman_correlation 0.0086
epoch is 639
train_score is 0.7022, denas_score is 635280.2910
spearman_correlation 0.0070
epoch is 645
train_score is 0.7167, denas_score is 7339671.1875
spearman_correlation 0.0123
epoch is 653
train_score is 0.6910, denas_score is 6781302.2969
spearman_correlation 0.0142
epoch is 657
train_score is 0.6877, denas_score is 8120950.5312
spearman_correlation 0.0123
epoch is 660
train_score is 0.6381, denas_score is 8165772.7500
spearman_correlation -0.0017
epoch is 662
train_score is 0.7165, denas_score is 7028692.8438
spearman_correlation 0.0034
epoch is 663
train_score is 0.6969, denas_score is 8201944.5312
spearman_correlation 0.0066
epoch is 669
train_score is 0.6301, denas_score is 8261513.7031
spearman_correlation -0.0088
epoch is 672
train_score is 0.7240, denas_score is 6382868.0312
spearman_correlation -0.0054
epoch is 675
train_score is 0.7066, denas_score is 70904.8760
spearman_correlation -0.0100
epoch is 678
train_score is 0.6910, denas_score is 10077811.9062
spearman_correlation -0.0085
epoch is 681
train_score is 0.6821, denas_score is 8471.6830
spearman_correlation -0.0058
epoch is 685
train_score is 0.6931, denas_score is 62658.3713
spearman_correlation -0.0073
epoch is 689
train_score is 0.6620, denas_score is 10245634.1250
spearman_correlation -0.0227
epoch is 693
train_score is 0.6926, denas_score is 7102502.2500
spearman_correlation -0.0220
epoch is 694
train_score is 0.7209, denas_score is 7251016.2969
spearman_correlation -0.0175
epoch is 703
train_score is 0.6744, denas_score is 10191.6568
spearman_correlation -0.0121
epoch is 717
train_score is 0.6764, denas_score is 922948.0762
spearman_correlation -0.0118
epoch is 719
train_score is 0.6829, denas_score is 121143.2385
spearman_correlation -0.0104
epoch is 723
train_score is 0.6892, denas_score is 8531.9261
spearman_correlation -0.0103
epoch is 726
train_score is 0.7103, denas_score is 91652.2834
spearman_correlation -0.0121
epoch is 729
train_score is 0.6536, denas_score is 7979025.0938
spearman_correlation -0.0232
epoch is 740
train_score is 0.6748, denas_score is 8153300.2500
spearman_correlation -0.0286
epoch is 741
train_score is 0.6517, denas_score is 8197957.0156
spearman_correlation -0.0397
epoch is 756
train_score is 0.6979, denas_score is 7679776.7969
spearman_correlation -0.0400
epoch is 757
train_score is 0.7162, denas_score is 7143452.0781
spearman_correlation -0.0357
epoch is 760
train_score is 0.6979, denas_score is 7679862.2969
spearman_correlation -0.0361
epoch is 761
train_score is 0.6661, denas_score is 698667.2617
spearman_correlation -0.0341
epoch is 771
train_score is 0.7270, denas_score is 719791.4551
spearman_correlation -0.0365
epoch is 776
train_score is 0.6648, denas_score is 8572.5869
spearman_correlation -0.0293
epoch is 786
train_score is 0.7078, denas_score is 582920.3066
spearman_correlation -0.0306
epoch is 787
train_score is 0.6951, denas_score is 10149685.6250
spearman_correlation -0.0263
epoch is 790
train_score is 0.7077, denas_score is 8118091.2031
spearman_correlation -0.0229
epoch is 792
train_score is 0.6831, denas_score is 97970.1982
spearman_correlation -0.0211
epoch is 798
train_score is 0.6885, denas_score is 8194337.1875
spearman_correlation -0.0208
epoch is 805
train_score is 0.6716, denas_score is 792921.1895
spearman_correlation -0.0195
epoch is 808
train_score is 0.7154, denas_score is 823556.1484
spearman_correlation -0.0168
epoch is 816
train_score is 0.6615, denas_score is 73506.9988
spearman_correlation -0.0104
epoch is 817
train_score is 0.6876, denas_score is 6963889.2969
spearman_correlation -0.0096
epoch is 818
train_score is 0.6675, denas_score is 81158.9126
spearman_correlation -0.0051
epoch is 819
train_score is 0.6262, denas_score is 10203980.7188
spearman_correlation -0.0214
epoch is 821
train_score is 0.7245, denas_score is 6793428.7188
spearman_correlation -0.0186
epoch is 832
train_score is 0.6718, denas_score is 70101.2178
spearman_correlation -0.0136
epoch is 840
train_score is 0.7008, denas_score is 66613.8767
spearman_correlation -0.0171
epoch is 845
train_score is 0.6874, denas_score is 8210788.5312
spearman_correlation -0.0171
epoch is 856
train_score is 0.6962, denas_score is 80779.3005
spearman_correlation -0.0184
epoch is 858
train_score is 0.6826, denas_score is 99907.1111
spearman_correlation -0.0167
epoch is 861
train_score is 0.6893, denas_score is 643366.4902
spearman_correlation -0.0156
epoch is 869
train_score is 0.6643, denas_score is 82800.3188
spearman_correlation -0.0112
epoch is 874
train_score is 0.7179, denas_score is 7325436.8125
spearman_correlation -0.0075
epoch is 882
train_score is 0.6747, denas_score is 766039.6523
spearman_correlation -0.0057
epoch is 887
train_score is 0.7241, denas_score is 781218.7285
spearman_correlation -0.0055
epoch is 893
train_score is 0.7127, denas_score is 101341.0471
spearman_correlation -0.0071
epoch is 899
train_score is 0.7240, denas_score is 8711440.2188
spearman_correlation 0.0047
epoch is 901
train_score is 0.6715, denas_score is 689130.7090
spearman_correlation 0.0069
epoch is 902
train_score is 0.7109, denas_score is 7902.9140
spearman_correlation -0.0003
epoch is 907
train_score is 0.6847, denas_score is 792638.5625
spearman_correlation 0.0013
epoch is 920
train_score is 0.6381, denas_score is 686852.0293
spearman_correlation 0.0054
epoch is 922
train_score is 0.7150, denas_score is 8456915.5625
spearman_correlation 0.0150
epoch is 924
train_score is 0.6903, denas_score is 8119770.0000
spearman_correlation 0.0145
epoch is 927
train_score is 0.6950, denas_score is 98991.1218
spearman_correlation 0.0141
epoch is 934
train_score is 0.6815, denas_score is 8657.5800
spearman_correlation 0.0163
epoch is 942
train_score is 0.7125, denas_score is 6894406.1094
spearman_correlation 0.0195
epoch is 943
train_score is 0.7210, denas_score is 8433529.3438
spearman_correlation 0.0297
epoch is 945
train_score is 0.6666, denas_score is 592517.0488
spearman_correlation 0.0312
epoch is 950
train_score is 0.7163, denas_score is 9076346.1875
spearman_correlation 0.0406
epoch is 951
train_score is 0.6605, denas_score is 8148598.9375
spearman_correlation 0.0312
epoch is 961
train_score is 0.7255, denas_score is 8688903.5312
spearman_correlation 0.0423
epoch is 962
train_score is 0.7134, denas_score is 101125.7771
spearman_correlation 0.0405
epoch is 965
train_score is 0.6745, denas_score is 57732.9724
spearman_correlation 0.0445
epoch is 966
train_score is 0.6778, denas_score is 793673.8633
spearman_correlation 0.0453
epoch is 967
train_score is 0.7160, denas_score is 7142886.2812
spearman_correlation 0.0486
epoch is 970
train_score is 0.7214, denas_score is 6784062.5000
spearman_correlation 0.0511
epoch is 978
train_score is 0.6747, denas_score is 70071.7517
spearman_correlation 0.0544
epoch is 983
train_score is 0.6756, denas_score is 732068.8066
spearman_correlation 0.0559
epoch is 1002
train_score is 0.6816, denas_score is 9391.8001
spearman_correlation 0.0576
epoch is 1008
train_score is 0.6732, denas_score is 10172712.0312
spearman_correlation 0.0505
epoch is 1014
train_score is 0.6823, denas_score is 649601.0508
spearman_correlation 0.0514
epoch is 1024
train_score is 0.6827, denas_score is 646366.2168
spearman_correlation 0.0524
epoch is 1025
train_score is 0.6905, denas_score is 56958.4761
spearman_correlation 0.0519
epoch is 1028
train_score is 0.6910, denas_score is 84267.7610
spearman_correlation 0.0522
epoch is 1040
train_score is 0.7007, denas_score is 10245804.3125
spearman_correlation 0.0569
epoch is 1042
train_score is 0.6611, denas_score is 704221.1797
spearman_correlation 0.0581
epoch is 1045
train_score is 0.6634, denas_score is 696320.8379
spearman_correlation 0.0589
epoch is 1048
train_score is 0.7151, denas_score is 823657.8203
spearman_correlation 0.0614
epoch is 1051
train_score is 0.7225, denas_score is 6870570.7031
spearman_correlation 0.0640
epoch is 1060
train_score is 0.6431, denas_score is 649669.9355
spearman_correlation 0.0665
epoch is 1069
train_score is 0.7004, denas_score is 8165738.0469
spearman_correlation 0.0684
epoch is 1072
train_score is 0.7069, denas_score is 70807.0754
spearman_correlation 0.0650
epoch is 1074
train_score is 0.7122, denas_score is 8691676.3438
spearman_correlation 0.0720
epoch is 1079
train_score is 0.6540, denas_score is 10071584.5312
spearman_correlation 0.0603
epoch is 1087
train_score is 0.6372, denas_score is 906912.1797
spearman_correlation 0.0591
epoch is 1102
train_score is 0.7285, denas_score is 7127660.4688
spearman_correlation 0.0619
epoch is 1104
train_score is 0.6587, denas_score is 8168249.5625
spearman_correlation 0.0534
epoch is 1105
train_score is 0.6714, denas_score is 842843.0527
spearman_correlation 0.0532
epoch is 1108
train_score is 0.6810, denas_score is 10262043.2812
spearman_correlation 0.0498
epoch is 1110
train_score is 0.7132, denas_score is 101151.5107
spearman_correlation 0.0477
epoch is 1112
train_score is 0.6727, denas_score is 7403220.9219
spearman_correlation 0.0434
epoch is 1119
train_score is 0.7109, denas_score is 685423.9668
spearman_correlation 0.0428
epoch is 1124
train_score is 0.6903, denas_score is 7177251.3281
spearman_correlation 0.0426
epoch is 1134
train_score is 0.7085, denas_score is 793980.1875
spearman_correlation 0.0442
epoch is 1141
train_score is 0.6729, denas_score is 651118.0098
spearman_correlation 0.0457
epoch is 1147
train_score is 0.6825, denas_score is 8640699.1875
spearman_correlation 0.0438
epoch is 1152
train_score is 0.7021, denas_score is 76718.9709
spearman_correlation 0.0415
epoch is 1154
train_score is 0.6702, denas_score is 7434.8445
spearman_correlation 0.0469
epoch is 1160
train_score is 0.6897, denas_score is 6986.9706
spearman_correlation 0.0464
epoch is 1161
train_score is 0.7215, denas_score is 7239857.7031
spearman_correlation 0.0493
epoch is 1162
train_score is 0.6839, denas_score is 99058.3669
spearman_correlation 0.0501
epoch is 1168
train_score is 0.6736, denas_score is 8465963.0312
spearman_correlation 0.0454
epoch is 1169
train_score is 0.6953, denas_score is 100324.4485
spearman_correlation 0.0447
epoch is 1175
train_score is 0.6709, denas_score is 8159197.6719
spearman_correlation 0.0396
epoch is 1180
train_score is 0.6476, denas_score is 8150633.2656
spearman_correlation 0.0321
epoch is 1185
train_score is 0.6776, denas_score is 8236620.7500
spearman_correlation 0.0293
epoch is 1186
train_score is 0.6722, denas_score is 63622.8140
spearman_correlation 0.0333
epoch is 1188
train_score is 0.7065, denas_score is 8600.9233
spearman_correlation 0.0290
epoch is 1189
train_score is 0.6659, denas_score is 523881.4443
spearman_correlation 0.0304
epoch is 1194
train_score is 0.6788, denas_score is 8364.2051
spearman_correlation 0.0326
epoch is 1195
train_score is 0.7262, denas_score is 7273524.1719
spearman_correlation 0.0355
epoch is 1200
train_score is 0.7012, denas_score is 8165197.6719
spearman_correlation 0.0374
epoch is 1207
train_score is 0.7103, denas_score is 83032.4565
spearman_correlation 0.0353
epoch is 1210
train_score is 0.7140, denas_score is 8696.2283
spearman_correlation 0.0299
epoch is 1218
train_score is 0.6926, denas_score is 10166943.0938
spearman_correlation 0.0315
epoch is 1224
train_score is 0.6335, denas_score is 10139010.1562
spearman_correlation 0.0205
epoch is 1228
train_score is 0.6958, denas_score is 9948187.4375
spearman_correlation 0.0224
epoch is 1231
train_score is 0.6765, denas_score is 8250253.4844
spearman_correlation 0.0197
epoch is 1236
train_score is 0.6658, denas_score is 63661.3979
spearman_correlation 0.0239
epoch is 1243
train_score is 0.6826, denas_score is 98731.6504
spearman_correlation 0.0247
epoch is 1245
train_score is 0.7066, denas_score is 7925.9359
spearman_correlation 0.0202
epoch is 1246
train_score is 0.6725, denas_score is 8154236.8125
spearman_correlation 0.0164
epoch is 1247
train_score is 0.6311, denas_score is 8169375.6250
spearman_correlation 0.0091
epoch is 1254
train_score is 0.6991, denas_score is 8201976.7969
spearman_correlation 0.0115
epoch is 1256
train_score is 0.7163, denas_score is 7088459.7969
spearman_correlation 0.0140
epoch is 1257
train_score is 0.6803, denas_score is 8791152.8750
spearman_correlation 0.0113
epoch is 1260
train_score is 0.6949, denas_score is 62838.0839
spearman_correlation 0.0101
epoch is 1261
train_score is 0.7093, denas_score is 9364.8594
spearman_correlation 0.0059
epoch is 1263
train_score is 0.6563, denas_score is 69998.1160
spearman_correlation 0.0109
epoch is 1281
train_score is 0.7247, denas_score is 7848689.6719
spearman_correlation 0.0138
epoch is 1282
train_score is 0.7150, denas_score is 839583.5156
spearman_correlation 0.0158
epoch is 1283
train_score is 0.6555, denas_score is 8130336.4531
spearman_correlation 0.0094
epoch is 1290
train_score is 0.6762, denas_score is 8545.9748
spearman_correlation 0.0121
epoch is 1292
train_score is 0.6360, denas_score is 792611.3320
spearman_correlation 0.0130
epoch is 1295
train_score is 0.6747, denas_score is 111065.2341
spearman_correlation 0.0142
epoch is 1299
train_score is 0.6863, denas_score is 6682057.7344
spearman_correlation 0.0149
epoch is 1307
train_score is 0.7065, denas_score is 68686.6589
spearman_correlation 0.0121
epoch is 1308
train_score is 0.6788, denas_score is 9720.4366
spearman_correlation 0.0139
epoch is 1310
train_score is 0.6910, denas_score is 84141.3896
spearman_correlation 0.0140
epoch is 1315
train_score is 0.6811, denas_score is 792788.7930
spearman_correlation 0.0145
epoch is 1322
train_score is 0.6372, denas_score is 10164039.0312
spearman_correlation 0.0046
epoch is 1329
train_score is 0.6638, denas_score is 68494.8955
spearman_correlation 0.0085
epoch is 1332
train_score is 0.7190, denas_score is 6792552.9844
spearman_correlation 0.0109
epoch is 1336
train_score is 0.6621, denas_score is 609837.5352
spearman_correlation 0.0120
epoch is 1338
train_score is 0.6539, denas_score is 8263780.0781
spearman_correlation 0.0050
epoch is 1340
train_score is 0.6747, denas_score is 810911.1895
spearman_correlation 0.0056
epoch is 1347
train_score is 0.6609, denas_score is 10246875.0625
spearman_correlation -0.0033
epoch is 1358
train_score is 0.6871, denas_score is 10336.3502
spearman_correlation -0.0030
epoch is 1361
train_score is 0.6875, denas_score is 8208158.9375
spearman_correlation -0.0029
epoch is 1368
train_score is 0.7145, denas_score is 673512.2461
spearman_correlation -0.0032
epoch is 1371
train_score is 0.6438, denas_score is 10116721.8125
spearman_correlation -0.0119
epoch is 1373
train_score is 0.6662, denas_score is 82837.9475
spearman_correlation -0.0093
epoch is 1383
train_score is 0.7279, denas_score is 6937103.0625
spearman_correlation -0.0072
epoch is 1385
train_score is 0.6358, denas_score is 789741.5215
spearman_correlation -0.0063
epoch is 1387
train_score is 0.6672, denas_score is 55158.3828
spearman_correlation -0.0028
epoch is 1389
train_score is 0.7191, denas_score is 7299828.5000
spearman_correlation -0.0002
epoch is 1393
train_score is 0.6849, denas_score is 8237241.5000
spearman_correlation -0.0005
epoch is 1399
train_score is 0.6300, denas_score is 771855.0566
spearman_correlation 0.0013
epoch is 1401
train_score is 0.6910, denas_score is 6994255.0469
spearman_correlation 0.0019
epoch is 1402
train_score is 0.7226, denas_score is 7339063.8438
spearman_correlation 0.0044
epoch is 1413
train_score is 0.7204, denas_score is 7235411.5469
spearman_correlation 0.0069
epoch is 1414
train_score is 0.7062, denas_score is 84439.1882
spearman_correlation 0.0053
epoch is 1415
train_score is 0.6361, denas_score is 8145226.5000
spearman_correlation -0.0007
epoch is 1419
train_score is 0.6969, denas_score is 76159.3689
spearman_correlation -0.0018
epoch is 1420
train_score is 0.7044, denas_score is 649533.0352
spearman_correlation -0.0025
epoch is 1422
train_score is 0.6980, denas_score is 75764.2913
spearman_correlation -0.0038
epoch is 1426
train_score is 0.6678, denas_score is 93127.5103
spearman_correlation -0.0021
epoch is 1441
train_score is 0.6427, denas_score is 8238440.2656
spearman_correlation -0.0087
epoch is 1442
train_score is 0.6419, denas_score is 684816.1152
spearman_correlation -0.0067
epoch is 1443
train_score is 0.6810, denas_score is 8605779.9688
spearman_correlation -0.0083
epoch is 1445
train_score is 0.6975, denas_score is 84339.2068
spearman_correlation -0.0092
epoch is 1454
train_score is 0.6680, denas_score is 84751.5288
spearman_correlation -0.0072
epoch is 1457
train_score is 0.6679, denas_score is 659278.7031
spearman_correlation -0.0063
epoch is 1460
train_score is 0.6971, denas_score is 63188.5421
spearman_correlation -0.0081
epoch is 1461
train_score is 0.6717, denas_score is 7070.1693
spearman_correlation -0.0042
epoch is 1463
train_score is 0.6875, denas_score is 8467.3648
spearman_correlation -0.0041
epoch is 1469
train_score is 0.6849, denas_score is 6906147.0938
spearman_correlation -0.0039
epoch is 1472
train_score is 0.6396, denas_score is 779700.9902
spearman_correlation -0.0028
epoch is 1482
train_score is 0.6877, denas_score is 762199.3730
spearman_correlation -0.0023
epoch is 1486
train_score is 0.7206, denas_score is 7300669.3750
spearman_correlation 0.0003
epoch is 1489
train_score is 0.6766, denas_score is 63655.7606
spearman_correlation 0.0020
epoch is 1491
train_score is 0.6686, denas_score is 8572.6785
spearman_correlation 0.0055
epoch is 1496
train_score is 0.7031, denas_score is 8747.5336
spearman_correlation 0.0025
epoch is 1505
train_score is 0.6617, denas_score is 77056.3882
spearman_correlation 0.0051
epoch is 1506
train_score is 0.6466, denas_score is 8104716.7188
spearman_correlation -0.0002
epoch is 1509
train_score is 0.6974, denas_score is 70772.6106
spearman_correlation -0.0015
epoch is 1511
train_score is 0.6707, denas_score is 765498.4941
spearman_correlation -0.0009
epoch is 1514
train_score is 0.6667, denas_score is 63472.5569
spearman_correlation 0.0020
epoch is 1531
train_score is 0.6631, denas_score is 8166936.2969
spearman_correlation -0.0032
epoch is 1538
train_score is 0.6906, denas_score is 8050016.4844
spearman_correlation -0.0034
epoch is 1543
train_score is 0.7119, denas_score is 839840.4805
spearman_correlation -0.0015
epoch is 1544
train_score is 0.6918, denas_score is 6784631.8594
spearman_correlation -0.0005
epoch is 1548
train_score is 0.6898, denas_score is 10170897.1250
spearman_correlation 0.0004
epoch is 1552
train_score is 0.7111, denas_score is 8324024.3750
spearman_correlation 0.0053
epoch is 1562
train_score is 0.6694, denas_score is 70051.9370
spearman_correlation 0.0078
epoch is 1564
train_score is 0.6873, denas_score is 66508.6023
spearman_correlation 0.0081
epoch is 1565
train_score is 0.6686, denas_score is 659171.8926
spearman_correlation 0.0089
epoch is 1568
train_score is 0.6791, denas_score is 10174469.3125
spearman_correlation 0.0071
epoch is 1573
train_score is 0.7102, denas_score is 9228.2173
spearman_correlation 0.0036
epoch is 1574
train_score is 0.6844, denas_score is 8246848.6562
spearman_correlation 0.0034
epoch is 1585
train_score is 0.6859, denas_score is 8124720.4688
spearman_correlation 0.0025
epoch is 1593
train_score is 0.6851, denas_score is 649656.0156
spearman_correlation 0.0028
epoch is 1595
train_score is 0.6965, denas_score is 8196320.2344
spearman_correlation 0.0041
epoch is 1601
train_score is 0.6966, denas_score is 8084076.6250
spearman_correlation 0.0044
epoch is 1603
train_score is 0.6652, denas_score is 10175782.5625
spearman_correlation -0.0017
epoch is 1604
train_score is 0.6354, denas_score is 8168496.2188
spearman_correlation -0.0072
epoch is 1606
train_score is 0.7119, denas_score is 8341870.5781
spearman_correlation -0.0024
epoch is 1611
train_score is 0.6362, denas_score is 792313.3906
spearman_correlation -0.0017
epoch is 1612
train_score is 0.6901, denas_score is 6993191.5625
spearman_correlation -0.0012
epoch is 1632
train_score is 0.6679, denas_score is 57700.6765
spearman_correlation 0.0017
epoch is 1638
train_score is 0.6939, denas_score is 8364.6000
spearman_correlation -0.0000
epoch is 1645
train_score is 0.7165, denas_score is 7216563.4844
spearman_correlation 0.0022
epoch is 1650
train_score is 0.6605, denas_score is 60691.1266
spearman_correlation 0.0060
epoch is 1655
train_score is 0.7018, denas_score is 650006.9805
spearman_correlation 0.0054
epoch is 1656
train_score is 0.6907, denas_score is 643302.8379
spearman_correlation 0.0054
epoch is 1665
train_score is 0.6397, denas_score is 8123298.5000
spearman_correlation 0.0004
epoch is 1671
train_score is 0.7090, denas_score is 10002544.7188
spearman_correlation 0.0046
epoch is 1672
train_score is 0.6396, denas_score is 10068630.3438
spearman_correlation -0.0026
epoch is 1674
train_score is 0.7064, denas_score is 913210.6484
spearman_correlation -0.0014
epoch is 1680
train_score is 0.6599, denas_score is 8107562.7031
spearman_correlation -0.0060
epoch is 1682
train_score is 0.6942, denas_score is 8210179.7031
spearman_correlation -0.0046
epoch is 1683
train_score is 0.6586, denas_score is 699991.6328
spearman_correlation -0.0038
epoch is 1684
train_score is 0.6834, denas_score is 6439453.9531
spearman_correlation -0.0033
epoch is 1685
train_score is 0.7065, denas_score is 83245.1975
spearman_correlation -0.0047
epoch is 1690
train_score is 0.6707, denas_score is 695784.4102
spearman_correlation -0.0038
epoch is 1696
train_score is 0.7150, denas_score is 784955.0059
spearman_correlation -0.0029
epoch is 1702
train_score is 0.6457, denas_score is 770054.9902
spearman_correlation -0.0022
epoch is 1703
train_score is 0.6331, denas_score is 10158630.2188
spearman_correlation -0.0097
epoch is 1707
train_score is 0.6967, denas_score is 82710.2446
spearman_correlation -0.0107
epoch is 1709
train_score is 0.6722, denas_score is 762422.5234
spearman_correlation -0.0099
epoch is 1710
train_score is 0.6378, denas_score is 906907.2324
spearman_correlation -0.0104
epoch is 1714
train_score is 0.6888, denas_score is 75801.0576
spearman_correlation -0.0104
epoch is 1716
train_score is 0.7130, denas_score is 8722807.7812
spearman_correlation -0.0056
epoch is 1717
train_score is 0.6301, denas_score is 8259793.3438
spearman_correlation -0.0112
epoch is 1729
train_score is 0.7085, denas_score is 8764.8212
spearman_correlation -0.0144
epoch is 1730
train_score is 0.6778, denas_score is 8768085.1562
spearman_correlation -0.0160
epoch is 1737
train_score is 0.6610, denas_score is 100960.7109
spearman_correlation -0.0147
epoch is 1745
train_score is 0.6671, denas_score is 73773.2815
spearman_correlation -0.0126
epoch is 1746
train_score is 0.6822, denas_score is 7256729.2031
spearman_correlation -0.0135
epoch is 1752
train_score is 0.6991, denas_score is 70806.2549
spearman_correlation -0.0150
epoch is 1755
train_score is 0.7056, denas_score is 10545.7896
spearman_correlation -0.0178
epoch is 1758
train_score is 0.7285, denas_score is 7128275.7031
spearman_correlation -0.0158
epoch is 1761
train_score is 0.6799, denas_score is 8767761.1250
spearman_correlation -0.0172
epoch is 1764
train_score is 0.6641, denas_score is 60851.6019
spearman_correlation -0.0142
epoch is 1768
train_score is 0.6628, denas_score is 8161347.6250
spearman_correlation -0.0182
epoch is 1774
train_score is 0.6821, denas_score is 8192569.1250
spearman_correlation -0.0190
epoch is 1777
train_score is 0.6496, denas_score is 616849.8496
spearman_correlation -0.0175
epoch is 1780
train_score is 0.6783, denas_score is 8247057.4688
spearman_correlation -0.0186
epoch is 1785
train_score is 0.7085, denas_score is 879285.8887
spearman_correlation -0.0173
epoch is 1804
train_score is 0.7019, denas_score is 80755.5178
spearman_correlation -0.0187
epoch is 1813
train_score is 0.6910, denas_score is 66611.3718
spearman_correlation -0.0192
epoch is 1816
train_score is 0.6769, denas_score is 9718.3585
spearman_correlation -0.0177
epoch is 1825
train_score is 0.6703, denas_score is 8155660.5156
spearman_correlation -0.0201
epoch is 1828
train_score is 0.7179, denas_score is 7327982.6719
spearman_correlation -0.0181
epoch is 1835
train_score is 0.6593, denas_score is 84479.5273
spearman_correlation -0.0161
epoch is 1841
train_score is 0.6853, denas_score is 10263975.2812
spearman_correlation -0.0161
epoch is 1842
train_score is 0.6667, denas_score is 70103.0581
spearman_correlation -0.0139
epoch is 1847
train_score is 0.6724, denas_score is 70069.1970
spearman_correlation -0.0119
epoch is 1851
train_score is 0.6736, denas_score is 783800.6738
spearman_correlation -0.0112
epoch is 1852
train_score is 0.7221, denas_score is 7150853.4844
spearman_correlation -0.0093
epoch is 1853
train_score is 0.7093, denas_score is 91917.7410
spearman_correlation -0.0104
epoch is 1856
train_score is 0.7029, denas_score is 834541.1719
spearman_correlation -0.0095
epoch is 1863
train_score is 0.6893, denas_score is 7821.2329
spearman_correlation -0.0100
epoch is 1864
train_score is 0.6414, denas_score is 779626.3125
spearman_correlation -0.0093
epoch is 1871
train_score is 0.6838, denas_score is 6555204.8594
spearman_correlation -0.0088
epoch is 1876
train_score is 0.7079, denas_score is 8149.0692
spearman_correlation -0.0122
epoch is 1877
train_score is 0.6923, denas_score is 10253769.7188
spearman_correlation -0.0104
epoch is 1881
train_score is 0.6890, denas_score is 647583.8828
spearman_correlation -0.0104
epoch is 1882
train_score is 0.7225, denas_score is 781348.1113
spearman_correlation -0.0100
epoch is 1883
train_score is 0.6513, denas_score is 643541.1934
spearman_correlation -0.0087
epoch is 1886
train_score is 0.6250, denas_score is 8260867.5000
spearman_correlation -0.0139
epoch is 1889
train_score is 0.7162, denas_score is 8910956.3750
spearman_correlation -0.0089
epoch is 1893
train_score is 0.6312, denas_score is 8169241.7656
spearman_correlation -0.0134
epoch is 1896
train_score is 0.6633, denas_score is 862107.3340
spearman_correlation -0.0141
epoch is 1905
train_score is 0.6646, denas_score is 55168.9370
spearman_correlation -0.0114
epoch is 1906
train_score is 0.7102, denas_score is 92220.8088
spearman_correlation -0.0126
epoch is 1909
train_score is 0.7076, denas_score is 8171758.8750
spearman_correlation -0.0100
epoch is 1913
train_score is 0.7010, denas_score is 73436.1853
spearman_correlation -0.0115
epoch is 1914
train_score is 0.6828, denas_score is 10164931.7812
spearman_correlation -0.0120
epoch is 1933
train_score is 0.6817, denas_score is 8123160.0469
spearman_correlation -0.0131
epoch is 1934
train_score is 0.6815, denas_score is 6437652.9062
spearman_correlation -0.0129
epoch is 1944
train_score is 0.6302, denas_score is 8166983.2344
spearman_correlation -0.0172
epoch is 1945
train_score is 0.6427, denas_score is 10226968.9062
spearman_correlation -0.0233
epoch is 1949
train_score is 0.6860, denas_score is 8248518.7969
spearman_correlation -0.0233
epoch is 1951
train_score is 0.6997, denas_score is 10671.3362
spearman_correlation -0.0254
epoch is 1952
train_score is 0.7179, denas_score is 8941120.8125
spearman_correlation -0.0203
epoch is 1953
train_score is 0.6955, denas_score is 83593.4475
spearman_correlation -0.0210
epoch is 1955
train_score is 0.6652, denas_score is 60673.7773
spearman_correlation -0.0185
epoch is 1962
train_score is 0.6422, denas_score is 684887.8301
spearman_correlation -0.0173
epoch is 1963
train_score is 0.6629, denas_score is 701214.1680
spearman_correlation -0.0168
epoch is 1969
train_score is 0.6820, denas_score is 6437641.0625
spearman_correlation -0.0166
epoch is 1974
train_score is 0.7211, denas_score is 6989721.6406
spearman_correlation -0.0149
epoch is 1975
train_score is 0.7027, denas_score is 68700.9790
spearman_correlation -0.0166
epoch is 1976
train_score is 0.6746, denas_score is 7828.1620
spearman_correlation -0.0145
epoch is 1986
train_score is 0.7129, denas_score is 83759.2781
spearman_correlation -0.0160
epoch is 1993
train_score is 0.6761, denas_score is 146575.0757
spearman_correlation -0.0153
epoch is 1994
train_score is 0.6647, denas_score is 8221.3540
spearman_correlation -0.0121
epoch is 1995
train_score is 0.6784, denas_score is 8610533.2812
spearman_correlation -0.0132
epoch is 2004
train_score is 0.6798, denas_score is 8259933.2500
spearman_correlation -0.0139
epoch is 2013
train_score is 0.7136, denas_score is 7314770.2500
spearman_correlation -0.0122
epoch is 2014
train_score is 0.7162, denas_score is 6893388.9688
spearman_correlation -0.0105
epoch is 2034
train_score is 0.6909, denas_score is 82616.2290
spearman_correlation -0.0107
epoch is 2038
train_score is 0.6760, denas_score is 732216.0020
spearman_correlation -0.0100
epoch is 2049
train_score is 0.6590, denas_score is 10396.4939
spearman_correlation -0.0068
epoch is 2054
train_score is 0.7214, denas_score is 7241137.7500
spearman_correlation -0.0050
epoch is 2057
train_score is 0.6686, denas_score is 57705.2926
spearman_correlation -0.0028
epoch is 2070
train_score is 0.6786, denas_score is 9719.4231
spearman_correlation -0.0017
epoch is 2073
train_score is 0.7055, denas_score is 766034.2637
spearman_correlation -0.0015
epoch is 2077
train_score is 0.6850, denas_score is 8206256.3125
spearman_correlation -0.0017
epoch is 2080
train_score is 0.7013, denas_score is 8186451.4688
spearman_correlation -0.0001
epoch is 2082
train_score is 0.7230, denas_score is 8747965.7812
spearman_correlation 0.0049
epoch is 2088
train_score is 0.7133, denas_score is 94247.5625
spearman_correlation 0.0037
epoch is 2099
train_score is 0.7118, denas_score is 754038.9785
spearman_correlation 0.0040
epoch is 2106
train_score is 0.6314, denas_score is 881199.3457
spearman_correlation 0.0036
epoch is 2108
train_score is 0.6299, denas_score is 8261044.1562
spearman_correlation -0.0012
epoch is 2109
train_score is 0.7225, denas_score is 7116731.8438
spearman_correlation 0.0005
epoch is 2114
train_score is 0.6985, denas_score is 10093759.3750
spearman_correlation 0.0024
epoch is 2115
train_score is 0.7089, denas_score is 8146.7740
spearman_correlation -0.0006
epoch is 2117
train_score is 0.6900, denas_score is 10223495.3125
spearman_correlation 0.0001
epoch is 2118
train_score is 0.6778, denas_score is 9393.1696
spearman_correlation 0.0014
epoch is 2123
train_score is 0.7082, denas_score is 9355.4436
spearman_correlation -0.0013
epoch is 2132
train_score is 0.6762, denas_score is 76740.4907
spearman_correlation -0.0001
epoch is 2138
train_score is 0.6543, denas_score is 100942.1555
spearman_correlation 0.0011
epoch is 2163
train_score is 0.6926, denas_score is 67313.2080
spearman_correlation 0.0003
epoch is 2166
train_score is 0.6676, denas_score is 842956.9629
spearman_correlation 0.0001
epoch is 2169
train_score is 0.7085, denas_score is 8173287.0781
spearman_correlation 0.0025
epoch is 2177
train_score is 0.7225, denas_score is 7067553.9375
spearman_correlation 0.0041
epoch is 2181
train_score is 0.7167, denas_score is 9054813.9375
spearman_correlation 0.0085
epoch is 2184
train_score is 0.7200, denas_score is 741634.6387
spearman_correlation 0.0084
epoch is 2193
train_score is 0.6906, denas_score is 98343.0239
spearman_correlation 0.0082
epoch is 2201
train_score is 0.6632, denas_score is 83146.5188
spearman_correlation 0.0096
epoch is 2202
train_score is 0.6750, denas_score is 8153432.6250
spearman_correlation 0.0082
epoch is 2204
train_score is 0.6411, denas_score is 10048669.9062
spearman_correlation 0.0028
epoch is 2206
train_score is 0.7157, denas_score is 839504.9199
spearman_correlation 0.0040
epoch is 2211
train_score is 0.6643, denas_score is 805615.5332
spearman_correlation 0.0037
epoch is 2212
train_score is 0.7171, denas_score is 8182316.0156
spearman_correlation 0.0069
epoch is 2215
train_score is 0.6742, denas_score is 805272.1074
spearman_correlation 0.0073
epoch is 2220
train_score is 0.6734, denas_score is 8166174.0312
spearman_correlation 0.0057
epoch is 2228
train_score is 0.7170, denas_score is 8604456.6875
spearman_correlation 0.0098
epoch is 2232
train_score is 0.7121, denas_score is 731274.7227
spearman_correlation 0.0100
epoch is 2235
train_score is 0.7079, denas_score is 823970.2324
spearman_correlation 0.0109
epoch is 2236
train_score is 0.6974, denas_score is 64052.6449
spearman_correlation 0.0097
epoch is 2238
train_score is 0.7053, denas_score is 11629.7140
spearman_correlation 0.0075
epoch is 2240
train_score is 0.6804, denas_score is 10256.2790
spearman_correlation 0.0083
epoch is 2249
train_score is 0.6735, denas_score is 863376.4941
spearman_correlation 0.0084
epoch is 2259
train_score is 0.6737, denas_score is 111425.0166
spearman_correlation 0.0091
epoch is 2261
train_score is 0.7059, denas_score is 9221.5712
spearman_correlation 0.0068
epoch is 2275
train_score is 0.6605, denas_score is 8148817.9688
spearman_correlation 0.0036
epoch is 2277
train_score is 0.6801, denas_score is 646304.4062
spearman_correlation 0.0040
epoch is 2279
train_score is 0.6365, denas_score is 8121815.7656
spearman_correlation 0.0006
epoch is 2281
train_score is 0.7126, denas_score is 7005418.9688
spearman_correlation 0.0021
epoch is 2282
train_score is 0.7077, denas_score is 7926.5843
spearman_correlation -0.0005
epoch is 2285
train_score is 0.6478, denas_score is 8261761.8906
spearman_correlation -0.0045
epoch is 2286
train_score is 0.7097, denas_score is 8703.9897
spearman_correlation -0.0071
epoch is 2290
train_score is 0.6787, denas_score is 6879038.8438
spearman_correlation -0.0070
epoch is 2296
train_score is 0.6739, denas_score is 695843.5098
spearman_correlation -0.0064
epoch is 2299
train_score is 0.6821, denas_score is 8657.4513
spearman_correlation -0.0059
epoch is 2303
train_score is 0.6696, denas_score is 8160508.0625
spearman_correlation -0.0079
epoch is 2306
train_score is 0.7085, denas_score is 862382.9805
spearman_correlation -0.0069
epoch is 2307
train_score is 0.7173, denas_score is 82959.6609
spearman_correlation -0.0087
epoch is 2319
train_score is 0.6318, denas_score is 695181.3867
spearman_correlation -0.0075
epoch is 2321
train_score is 0.7174, denas_score is 741153.4258
spearman_correlation -0.0074
epoch is 2331
train_score is 0.7127, denas_score is 753788.6074
spearman_correlation -0.0071
epoch is 2348
train_score is 0.6684, denas_score is 659444.1016
spearman_correlation -0.0065
epoch is 2349
train_score is 0.6795, denas_score is 8792.1074
spearman_correlation -0.0056
epoch is 2353
train_score is 0.6786, denas_score is 8541.4722
spearman_correlation -0.0045
epoch is 2356
train_score is 0.6833, denas_score is 6656553.1250
spearman_correlation -0.0042
epoch is 2357
train_score is 0.7150, denas_score is 699907.2305
spearman_correlation -0.0041
epoch is 2359
train_score is 0.6911, denas_score is 786357.9727
spearman_correlation -0.0037
epoch is 2361
train_score is 0.6801, denas_score is 8413.3774
spearman_correlation -0.0028
epoch is 2366
train_score is 0.6623, denas_score is 82852.3188
spearman_correlation -0.0013
epoch is 2368
train_score is 0.6912, denas_score is 6993881.9844
spearman_correlation -0.0009
epoch is 2370
train_score is 0.7229, denas_score is 7297780.2188
spearman_correlation 0.0008
epoch is 2371
train_score is 0.6484, denas_score is 616900.3398
spearman_correlation 0.0018
epoch is 2374
train_score is 0.7086, denas_score is 793681.2207
spearman_correlation 0.0026
epoch is 2385
train_score is 0.6751, denas_score is 765751.6387
spearman_correlation 0.0030
epoch is 2386
train_score is 0.6693, denas_score is 10177775.0312
spearman_correlation 0.0001
epoch is 2392
train_score is 0.6777, denas_score is 697379.0898
spearman_correlation 0.0007
epoch is 2393
train_score is 0.6837, denas_score is 729589.8516
spearman_correlation 0.0011
epoch is 2396
train_score is 0.7056, denas_score is 83007.4172
spearman_correlation 0.0001
epoch is 2398
train_score is 0.7137, denas_score is 6251322.6250
spearman_correlation 0.0015
epoch is 2403
train_score is 0.6666, denas_score is 70150.2690
spearman_correlation 0.0031
epoch is 2407
train_score is 0.6631, denas_score is 8108356.5156
spearman_correlation 0.0003
epoch is 2414
train_score is 0.6640, denas_score is 10177988.8750
spearman_correlation -0.0037
epoch is 2416
train_score is 0.6381, denas_score is 10247891.6250
spearman_correlation -0.0090
epoch is 2439
train_score is 0.6902, denas_score is 97460.5732
spearman_correlation -0.0092
epoch is 2446
train_score is 0.6709, denas_score is 7776.4181
spearman_correlation -0.0069
epoch is 2449
train_score is 0.6587, denas_score is 76186.7168
spearman_correlation -0.0050
epoch is 2460
train_score is 0.7302, denas_score is 6889646.3906
spearman_correlation -0.0036
epoch is 2462
train_score is 0.6848, denas_score is 10340.0537
spearman_correlation -0.0035
epoch is 2463
train_score is 0.6831, denas_score is 7128791.8281
spearman_correlation -0.0037
epoch is 2467
train_score is 0.6962, denas_score is 7815.8528
spearman_correlation -0.0052
epoch is 2468
train_score is 0.6949, denas_score is 69538.1472
spearman_correlation -0.0060
epoch is 2471
train_score is 0.7187, denas_score is 7027661.3594
spearman_correlation -0.0044
epoch is 2484
train_score is 0.6770, denas_score is 119496.1003
spearman_correlation -0.0039
epoch is 2491
train_score is 0.6795, denas_score is 146440.0864
spearman_correlation -0.0036
epoch is 2492
train_score is 0.6723, denas_score is 695812.5293
spearman_correlation -0.0030
epoch is 2494
train_score is 0.6717, denas_score is 762056.1953
spearman_correlation -0.0026
epoch is 2495
train_score is 0.6736, denas_score is 686489.7676
spearman_correlation -0.0021
epoch is 2499
train_score is 0.7055, denas_score is 895646.5977
spearman_correlation -0.0013
epoch is 2501
train_score is 0.6941, denas_score is 144854.7529
spearman_correlation -0.0017
epoch is 2508
train_score is 0.7020, denas_score is 85521.8481
spearman_correlation -0.0025
epoch is 2510
train_score is 0.7059, denas_score is 8013604.5312
spearman_correlation -0.0016
epoch is 2517
train_score is 0.6494, denas_score is 643535.8105
spearman_correlation -0.0008
epoch is 2519
train_score is 0.7204, denas_score is 7074270.3125
spearman_correlation 0.0008
epoch is 2525
train_score is 0.6850, denas_score is 6906357.2656
spearman_correlation 0.0010
epoch is 2527
train_score is 0.7052, denas_score is 895506.3633
spearman_correlation 0.0017
epoch is 2534
train_score is 0.6799, denas_score is 668568.8203
spearman_correlation 0.0021
epoch is 2541
train_score is 0.6418, denas_score is 653033.8613
spearman_correlation 0.0031
epoch is 2546
train_score is 0.7088, denas_score is 8624922.6562
spearman_correlation 0.0058
epoch is 2547
train_score is 0.6625, denas_score is 579939.0723
spearman_correlation 0.0065
epoch is 2553
train_score is 0.7157, denas_score is 641116.2129
spearman_correlation 0.0058
epoch is 2556
train_score is 0.6562, denas_score is 8164630.2812
spearman_correlation 0.0027
epoch is 2557
train_score is 0.6730, denas_score is 10168368.5000
spearman_correlation 0.0006
epoch is 2565
train_score is 0.7027, denas_score is 77992.7761
spearman_correlation -0.0004
epoch is 2567
train_score is 0.7025, denas_score is 93032.0867
spearman_correlation -0.0011
epoch is 2568
train_score is 0.6436, denas_score is 649834.5391
spearman_correlation -0.0003
epoch is 2571
train_score is 0.6504, denas_score is 616853.9531
spearman_correlation 0.0007
epoch is 2573
train_score is 0.6514, denas_score is 10069157.0000
spearman_correlation -0.0036
epoch is 2575
train_score is 0.7026, denas_score is 649614.7324
spearman_correlation -0.0039
epoch is 2582
train_score is 0.6683, denas_score is 68471.8821
spearman_correlation -0.0023
epoch is 2598
train_score is 0.6989, denas_score is 88554.8657
spearman_correlation -0.0030
epoch is 2608
train_score is 0.6825, denas_score is 779391.1211
spearman_correlation -0.0026
epoch is 2625
train_score is 0.6417, denas_score is 9851797.0938
spearman_correlation -0.0071
epoch is 2631
train_score is 0.7207, denas_score is 8413362.5000
spearman_correlation -0.0034
epoch is 2638
train_score is 0.7217, denas_score is 7256058.6094
spearman_correlation -0.0018
epoch is 2641
train_score is 0.7068, denas_score is 7374.9776
spearman_correlation -0.0042
epoch is 2645
train_score is 0.7084, denas_score is 751873.7246
spearman_correlation -0.0038
epoch is 2658
train_score is 0.6986, denas_score is 8117289.5469
spearman_correlation -0.0033
epoch is 2669
train_score is 0.6868, denas_score is 8201358.9062
spearman_correlation -0.0033
epoch is 2672
train_score is 0.6450, denas_score is 684888.1230
spearman_correlation -0.0026
epoch is 2675
train_score is 0.6755, denas_score is 651186.8047
spearman_correlation -0.0022
epoch is 2681
train_score is 0.6840, denas_score is 6906643.4688
spearman_correlation -0.0021
epoch is 2688
train_score is 0.6731, denas_score is 110911.9431
spearman_correlation -0.0014
epoch is 2693
train_score is 0.6625, denas_score is 7403015.6094
spearman_correlation -0.0039
epoch is 2697
train_score is 0.6730, denas_score is 8125700.1094
spearman_correlation -0.0054
epoch is 2700
train_score is 0.6496, denas_score is 8152441.1250
spearman_correlation -0.0083
epoch is 2704
train_score is 0.6852, denas_score is 8862876.1562
spearman_correlation -0.0084
epoch is 2708
train_score is 0.6852, denas_score is 10245954.2188
spearman_correlation -0.0083
epoch is 2716
train_score is 0.6650, denas_score is 8192780.2031
spearman_correlation -0.0107
epoch is 2717
train_score is 0.6854, denas_score is 6906710.6875
spearman_correlation -0.0106
epoch is 2721
train_score is 0.7233, denas_score is 7228760.0156
spearman_correlation -0.0091
epoch is 2728
train_score is 0.6725, denas_score is 77006.7446
spearman_correlation -0.0079
epoch is 2735
train_score is 0.7088, denas_score is 8966968.0312
spearman_correlation -0.0052
epoch is 2739
train_score is 0.6960, denas_score is 81039.2456
spearman_correlation -0.0059
epoch is 2748
train_score is 0.7079, denas_score is 9351.4718
spearman_correlation -0.0079
epoch is 2752
train_score is 0.6746, denas_score is 8125157.1250
spearman_correlation -0.0092
epoch is 2755
train_score is 0.6860, denas_score is 8051106.6562
spearman_correlation -0.0096
epoch is 2765
train_score is 0.7272, denas_score is 7150139.6875
spearman_correlation -0.0082
epoch is 2775
train_score is 0.7168, denas_score is 783259.1738
spearman_correlation -0.0076
epoch is 2777
train_score is 0.6822, denas_score is 7256655.3906
spearman_correlation -0.0081
epoch is 2778
train_score is 0.6746, denas_score is 824423.0547
spearman_correlation -0.0079
epoch is 2779
train_score is 0.6757, denas_score is 8636612.9062
spearman_correlation -0.0091
epoch is 2780
train_score is 0.7093, denas_score is 8950.6733
spearman_correlation -0.0113
epoch is 2781
train_score is 0.6554, denas_score is 9851742.2812
spearman_correlation -0.0152
epoch is 2782
train_score is 0.6548, denas_score is 10069329.2188
spearman_correlation -0.0191
epoch is 2793
train_score is 0.7209, denas_score is 7113562.1875
spearman_correlation -0.0177
epoch is 2798
train_score is 0.6670, denas_score is 63590.2761
spearman_correlation -0.0160
epoch is 2799
train_score is 0.7079, denas_score is 9282.3389
spearman_correlation -0.0179
epoch is 2803
train_score is 0.7223, denas_score is 7115392.0625
spearman_correlation -0.0165
epoch is 2808
train_score is 0.6780, denas_score is 8167140.0469
spearman_correlation -0.0173
epoch is 2810
train_score is 0.7093, denas_score is 685391.4727
spearman_correlation -0.0173
epoch is 2811
train_score is 0.7327, denas_score is 6893115.0625
spearman_correlation -0.0162
epoch is 2814
train_score is 0.6866, denas_score is 10201.7669
spearman_correlation -0.0164
epoch is 2824
train_score is 0.6956, denas_score is 69251.0703
spearman_correlation -0.0172
epoch is 2831
train_score is 0.6833, denas_score is 98332.0759
spearman_correlation -0.0171
epoch is 2833
train_score is 0.6426, denas_score is 649984.4453
spearman_correlation -0.0160
epoch is 2834
train_score is 0.6665, denas_score is 805443.0430
spearman_correlation -0.0162
epoch is 2835
train_score is 0.6865, denas_score is 6132268.0625
spearman_correlation -0.0159
epoch is 2837
train_score is 0.7032, denas_score is 62333.7742
spearman_correlation -0.0173
epoch is 2846
train_score is 0.7121, denas_score is 751373.4395
spearman_correlation -0.0169
epoch is 2850
train_score is 0.7116, denas_score is 10003509.8438
spearman_correlation -0.0139
epoch is 2854
train_score is 0.6748, denas_score is 8166114.8438
spearman_correlation -0.0150
epoch is 2859
train_score is 0.6433, denas_score is 684867.3262
spearman_correlation -0.0141
epoch is 2865
train_score is 0.6978, denas_score is 8199804.1719
spearman_correlation -0.0131
epoch is 2867
train_score is 0.7237, denas_score is 7297982.1562
spearman_correlation -0.0117
epoch is 2874
train_score is 0.7111, denas_score is 68469.7051
spearman_correlation -0.0132
epoch is 2875
train_score is 0.6414, denas_score is 684926.0020
spearman_correlation -0.0123
epoch is 2877
train_score is 0.6911, denas_score is 7176313.1406
spearman_correlation -0.0122
epoch is 2878
train_score is 0.6956, denas_score is 10150162.6562
spearman_correlation -0.0112
epoch is 2883
train_score is 0.6844, denas_score is 91905.4927
spearman_correlation -0.0110
epoch is 2888
train_score is 0.6718, denas_score is 60923.7693
spearman_correlation -0.0095
epoch is 2910
train_score is 0.6414, denas_score is 744910.4785
spearman_correlation -0.0090
epoch is 2915
train_score is 0.6515, denas_score is 8188115.3125
spearman_correlation -0.0117
epoch is 2920
train_score is 0.6940, denas_score is 60463.9248
spearman_correlation -0.0125
epoch is 2924
train_score is 0.6418, denas_score is 10158259.2188
spearman_correlation -0.0167
epoch is 2926
train_score is 0.6658, denas_score is 592488.8184
spearman_correlation -0.0161
epoch is 2928
train_score is 0.7193, denas_score is 6356352.0312
spearman_correlation -0.0150
epoch is 2929
train_score is 0.6597, denas_score is 92978.2979
spearman_correlation -0.0139
epoch is 2930
train_score is 0.6451, denas_score is 10117450.4688
spearman_correlation -0.0178
epoch is 2938
train_score is 0.6495, denas_score is 10207311.8438
spearman_correlation -0.0217
epoch is 2941
train_score is 0.6794, denas_score is 10173900.0938
spearman_correlation -0.0226
epoch is 2942
train_score is 0.6626, denas_score is 8465207.3750
spearman_correlation -0.0253
epoch is 2944
train_score is 0.6650, denas_score is 805477.5137
spearman_correlation -0.0254
epoch is 2961
train_score is 0.7009, denas_score is 76797.5481
spearman_correlation -0.0263
epoch is 2969
train_score is 0.6667, denas_score is 592431.3574
spearman_correlation -0.0257
epoch is 2972
train_score is 0.6865, denas_score is 6553401.8594
spearman_correlation -0.0255
epoch is 2978
train_score is 0.6747, denas_score is 732181.7852
spearman_correlation -0.0250
epoch is 2993
train_score is 0.6958, denas_score is 91389.0635
spearman_correlation -0.0256
epoch is 2995
train_score is 0.6774, denas_score is 8440869.0000
spearman_correlation -0.0264
epoch is 2996
train_score is 0.7072, denas_score is 70815.9192
spearman_correlation -0.0275
epoch is 2998
train_score is 0.6843, denas_score is 8469.0678
spearman_correlation -0.0274
epoch is 2999
train_score is 0.7276, denas_score is 7273055.5469
spearman_correlation -0.0259
epoch is 3002
train_score is 0.7071, denas_score is 824062.5430
spearman_correlation -0.0251
epoch is 3003
train_score is 0.6874, denas_score is 6938.8398
spearman_correlation -0.0254
epoch is 3009
train_score is 0.6894, denas_score is 786413.7910
spearman_correlation -0.0251
epoch is 3010
train_score is 0.6799, denas_score is 8125981.4688
spearman_correlation -0.0258
epoch is 3012
train_score is 0.6934, denas_score is 8249501.9375
spearman_correlation -0.0252
epoch is 3016
train_score is 0.6619, denas_score is 63488.7062
spearman_correlation -0.0233
epoch is 3018
train_score is 0.6814, denas_score is 797266.1035
spearman_correlation -0.0230
epoch is 3023
train_score is 0.6821, denas_score is 8791595.6250
spearman_correlation -0.0235
epoch is 3025
train_score is 0.6903, denas_score is 10240272.6875
spearman_correlation -0.0229
epoch is 3027
train_score is 0.6914, denas_score is 806777.6875
spearman_correlation -0.0225
epoch is 3037
train_score is 0.6809, denas_score is 8972.6129
spearman_correlation -0.0219
epoch is 3042
train_score is 0.6805, denas_score is 10184.3087
spearman_correlation -0.0214
epoch is 3045
train_score is 0.6748, denas_score is 689155.3066
spearman_correlation -0.0209
epoch is 3047
train_score is 0.6916, denas_score is 100259.1465
spearman_correlation -0.0213
epoch is 3049
train_score is 0.6839, denas_score is 650380.6016
spearman_correlation -0.0211
epoch is 3050
train_score is 0.7237, denas_score is 6795285.8281
spearman_correlation -0.0199
epoch is 3052
train_score is 0.6936, denas_score is 75919.5278
spearman_correlation -0.0205
epoch is 3054
train_score is 0.7046, denas_score is 856662.1719
spearman_correlation -0.0199
epoch is 3055
train_score is 0.6980, denas_score is 58309.2358
spearman_correlation -0.0210
epoch is 3061
train_score is 0.6858, denas_score is 779176.3828
spearman_correlation -0.0207
epoch is 3067
train_score is 0.6354, denas_score is 792316.8438
spearman_correlation -0.0205
epoch is 3073
train_score is 0.6747, denas_score is 7939.9185
spearman_correlation -0.0191
epoch is 3085
train_score is 0.6682, denas_score is 73649.4346
spearman_correlation -0.0179
epoch is 3086
train_score is 0.7324, denas_score is 7149195.3125
spearman_correlation -0.0165
epoch is 3088
train_score is 0.6516, denas_score is 643476.0781
spearman_correlation -0.0158
epoch is 3090
train_score is 0.7294, denas_score is 6494158.4844
spearman_correlation -0.0147
epoch is 3091
train_score is 0.7151, denas_score is 8906065.3438
spearman_correlation -0.0117
epoch is 3092
train_score is 0.7082, denas_score is 8148.3400
spearman_correlation -0.0137
epoch is 3094
train_score is 0.6813, denas_score is 8791.3095
spearman_correlation -0.0132
epoch is 3097
train_score is 0.6881, denas_score is 7276067.8125
spearman_correlation -0.0134
epoch is 3116
train_score is 0.7124, denas_score is 8880103.3438
spearman_correlation -0.0107
epoch is 3118
train_score is 0.6367, denas_score is 8124020.6562
spearman_correlation -0.0132
epoch is 3122
train_score is 0.7309, denas_score is 6952556.2812
spearman_correlation -0.0121
epoch is 3127
train_score is 0.6651, denas_score is 10175906.7500
spearman_correlation -0.0149
epoch is 3131
train_score is 0.7032, denas_score is 77712.8396
spearman_correlation -0.0158
epoch is 3132
train_score is 0.6633, denas_score is 67076.1389
spearman_correlation -0.0142
epoch is 3138
train_score is 0.6607, denas_score is 610182.4531
spearman_correlation -0.0135
epoch is 3140
train_score is 0.6649, denas_score is 67109.8245
spearman_correlation -0.0120
epoch is 3144
train_score is 0.7036, denas_score is 76724.6045
spearman_correlation -0.0129
epoch is 3152
train_score is 0.6675, denas_score is 592477.0078
spearman_correlation -0.0124
epoch is 3156
train_score is 0.7217, denas_score is 8710532.7812
spearman_correlation -0.0092
epoch is 3157
train_score is 0.7202, denas_score is 7123910.1250
spearman_correlation -0.0079
epoch is 3159
train_score is 0.6745, denas_score is 691609.5469
spearman_correlation -0.0075
epoch is 3160
train_score is 0.7243, denas_score is 7317959.8438
spearman_correlation -0.0061
epoch is 3163
train_score is 0.6637, denas_score is 67008.9272
spearman_correlation -0.0046
epoch is 3167
train_score is 0.6700, denas_score is 84828.1555
spearman_correlation -0.0038
epoch is 3173
train_score is 0.6354, denas_score is 8262319.0469
spearman_correlation -0.0069
epoch is 3176
train_score is 0.6416, denas_score is 10138834.8750
spearman_correlation -0.0106
epoch is 3179
train_score is 0.6970, denas_score is 68526.5820
spearman_correlation -0.0115
epoch is 3193
train_score is 0.6721, denas_score is 7068.2397
spearman_correlation -0.0097
epoch is 3199
train_score is 0.7221, denas_score is 8329284.5000
spearman_correlation -0.0068
epoch is 3201
train_score is 0.6894, denas_score is 10206260.9062
spearman_correlation -0.0063
epoch is 3202
train_score is 0.7218, denas_score is 6870610.1719
spearman_correlation -0.0052
epoch is 3207
train_score is 0.7134, denas_score is 83770.8752
spearman_correlation -0.0062
epoch is 3216
train_score is 0.6741, denas_score is 77064.6855
spearman_correlation -0.0054
epoch is 3218
train_score is 0.7045, denas_score is 10193.8955
spearman_correlation -0.0068
epoch is 3221
train_score is 0.6889, denas_score is 82677.2534
spearman_correlation -0.0070
epoch is 3230
train_score is 0.7075, denas_score is 873667.4707
spearman_correlation -0.0062
epoch is 3231
train_score is 0.6629, denas_score is 83098.7603
spearman_correlation -0.0051
epoch is 3240
train_score is 0.7236, denas_score is 7320029.2344
spearman_correlation -0.0038
epoch is 3243
train_score is 0.6877, denas_score is 81734.5754
spearman_correlation -0.0039
epoch is 3249
train_score is 0.6812, denas_score is 784295.2148
spearman_correlation -0.0036
epoch is 3253
train_score is 0.6408, denas_score is 744938.7422
spearman_correlation -0.0031
epoch is 3256
train_score is 0.7180, denas_score is 8341975.8281
spearman_correlation -0.0004
epoch is 3259
train_score is 0.7105, denas_score is 8926577.5000
spearman_correlation 0.0020
epoch is 3266
train_score is 0.7053, denas_score is 92969.3147
spearman_correlation 0.0013
epoch is 3277
train_score is 0.6373, denas_score is 686991.3340
spearman_correlation 0.0021
epoch is 3289
train_score is 0.7130, denas_score is 7318264.8750
spearman_correlation 0.0033
epoch is 3291
train_score is 0.7126, denas_score is 7246985.3438
spearman_correlation 0.0044
epoch is 3294
train_score is 0.6752, denas_score is 7829.6910
spearman_correlation 0.0056
epoch is 3300
train_score is 0.6142, denas_score is 8169266.5156
spearman_correlation 0.0029
epoch is 3313
train_score is 0.6905, denas_score is 643294.3672
spearman_correlation 0.0028
epoch is 3315
train_score is 0.6929, denas_score is 67219.3010
spearman_correlation 0.0022
epoch is 3325
train_score is 0.6674, denas_score is 8576.9879
spearman_correlation 0.0038
epoch is 3328
train_score is 0.6542, denas_score is 8187409.3281
spearman_correlation 0.0014
epoch is 3329
train_score is 0.6742, denas_score is 8261330.5469
spearman_correlation 0.0002
epoch is 3331
train_score is 0.7030, denas_score is 64246.7218
spearman_correlation -0.0008
epoch is 3334
train_score is 0.7000, denas_score is 77787.7341
spearman_correlation -0.0015
epoch is 3337
train_score is 0.7239, denas_score is 6859811.5000
spearman_correlation -0.0005
epoch is 3340
train_score is 0.6837, denas_score is 81287.2505
spearman_correlation -0.0003
epoch is 3343
train_score is 0.6794, denas_score is 8115676.6562
spearman_correlation -0.0011
epoch is 3345
train_score is 0.6750, denas_score is 732012.9824
spearman_correlation -0.0007
epoch is 3350
train_score is 0.6936, denas_score is 789251.9570
spearman_correlation -0.0004
epoch is 3351
train_score is 0.6679, denas_score is 63622.7329
spearman_correlation 0.0009
epoch is 3354
train_score is 0.7017, denas_score is 666988.2852
spearman_correlation 0.0007
epoch is 3356
train_score is 0.6898, denas_score is 8208754.0938
spearman_correlation 0.0010
epoch is 3358
train_score is 0.6547, denas_score is 8262024.0781
spearman_correlation -0.0017
epoch is 3366
train_score is 0.6790, denas_score is 8261604.6875
spearman_correlation -0.0023
epoch is 3369
train_score is 0.6793, denas_score is 650278.5117
spearman_correlation -0.0020
epoch is 3371
train_score is 0.6823, denas_score is 98703.9312
spearman_correlation -0.0019
epoch is 3373
train_score is 0.7003, denas_score is 8149027.2344
spearman_correlation -0.0013
epoch is 3374
train_score is 0.7101, denas_score is 8764.2219
spearman_correlation -0.0031
epoch is 3378
train_score is 0.6850, denas_score is 8236055.1719
spearman_correlation -0.0032
epoch is 3382
train_score is 0.7036, denas_score is 8147957.5312
spearman_correlation -0.0024
epoch is 3384
train_score is 0.6833, denas_score is 8248953.7656
spearman_correlation -0.0027
epoch is 3387
train_score is 0.6753, denas_score is 7942.2273
spearman_correlation -0.0016
epoch is 3389
train_score is 0.7045, denas_score is 10244992.3750
spearman_correlation 0.0003
epoch is 3395
train_score is 0.6428, denas_score is 649861.0332
spearman_correlation 0.0010
epoch is 3399
train_score is 0.6700, denas_score is 8573.9914
spearman_correlation 0.0026
epoch is 3400
train_score is 0.7139, denas_score is 709103.8164
spearman_correlation 0.0028
epoch is 3402
train_score is 0.6589, denas_score is 75854.3867
spearman_correlation 0.0042
epoch is 3413
train_score is 0.6865, denas_score is 9478.2103
spearman_correlation 0.0040
epoch is 3424
train_score is 0.6798, denas_score is 111474.0215
spearman_correlation 0.0042
epoch is 3427
train_score is 0.7159, denas_score is 7250250.3281
spearman_correlation 0.0054
epoch is 3430
train_score is 0.6975, denas_score is 80518.6926
spearman_correlation 0.0048
epoch is 3431
train_score is 0.6812, denas_score is 8255082.2344
spearman_correlation 0.0043
epoch is 3438
train_score is 0.6811, denas_score is 8126362.0312
spearman_correlation 0.0037
epoch is 3442
train_score is 0.7086, denas_score is 8881610.5312
spearman_correlation 0.0057
epoch is 3444
train_score is 0.7138, denas_score is 699886.4883
spearman_correlation 0.0059
epoch is 3448
train_score is 0.6680, denas_score is 8128060.4219
spearman_correlation 0.0043
epoch is 3457
train_score is 0.6894, denas_score is 100061.9468
spearman_correlation 0.0042
epoch is 3465
train_score is 0.6462, denas_score is 10225978.0938
spearman_correlation 0.0007
epoch is 3466
train_score is 0.7118, denas_score is 8910269.4688
spearman_correlation 0.0031
epoch is 3473
train_score is 0.6617, denas_score is 8106973.4062
spearman_correlation 0.0011
epoch is 3476
train_score is 0.7206, denas_score is 7126730.1719
spearman_correlation 0.0022
epoch is 3477
train_score is 0.6985, denas_score is 62836.3765
spearman_correlation 0.0013
epoch is 3480
train_score is 0.6941, denas_score is 649290.9707
spearman_correlation 0.0012
epoch is 3487
train_score is 0.7096, denas_score is 8895.3799
spearman_correlation -0.0005
epoch is 3491
train_score is 0.7217, denas_score is 7175830.2656
spearman_correlation 0.0006
epoch is 3497
train_score is 0.7151, denas_score is 7123055.5312
spearman_correlation 0.0017
epoch is 3499
train_score is 0.6669, denas_score is 67043.2756
spearman_correlation 0.0029
epoch is 3500
train_score is 0.6380, denas_score is 10165775.3125
spearman_correlation -0.0006
epoch is 3505
train_score is 0.6705, denas_score is 57755.4258
spearman_correlation 0.0006
epoch is 3508
train_score is 0.6425, denas_score is 10204704.6562
spearman_correlation -0.0029
epoch is 3510
train_score is 0.7108, denas_score is 794282.9766
spearman_correlation -0.0021
epoch is 3511
train_score is 0.6916, denas_score is 10168968.6250
spearman_correlation -0.0015
epoch is 3512
train_score is 0.6752, denas_score is 765992.6953
spearman_correlation -0.0012
epoch is 3515
train_score is 0.6444, denas_score is 8195345.8750
spearman_correlation -0.0036
epoch is 3516
train_score is 0.7107, denas_score is 731284.4336
spearman_correlation -0.0033
epoch is 3529
train_score is 0.6676, denas_score is 76818.3806
spearman_correlation -0.0023
epoch is 3539
train_score is 0.6929, denas_score is 789248.4570
spearman_correlation -0.0020
epoch is 3540
train_score is 0.6458, denas_score is 10117107.3125
spearman_correlation -0.0052
epoch is 3545
train_score is 0.6862, denas_score is 6129117.8438
spearman_correlation -0.0050
epoch is 3550
train_score is 0.7204, denas_score is 7298597.4531
spearman_correlation -0.0039
epoch is 3553
train_score is 0.6888, denas_score is 81720.4951
spearman_correlation -0.0040
epoch is 3560
train_score is 0.6760, denas_score is 7941.4697
spearman_correlation -0.0030
epoch is 3571
train_score is 0.6839, denas_score is 91908.8879
spearman_correlation -0.0029
epoch is 3576
train_score is 0.7076, denas_score is 68482.4856
spearman_correlation -0.0039
epoch is 3578
train_score is 0.6879, denas_score is 762103.8340
spearman_correlation -0.0037
epoch is 3580
train_score is 0.6663, denas_score is 524132.1826
spearman_correlation -0.0033
epoch is 3587
train_score is 0.6722, denas_score is 760166.3398
spearman_correlation -0.0030
epoch is 3596
train_score is 0.6501, denas_score is 751644.9922
spearman_correlation -0.0027
epoch is 3604
train_score is 0.7154, denas_score is 8949119.0625
spearman_correlation -0.0002
epoch is 3609
train_score is 0.7129, denas_score is 8973972.0938
spearman_correlation 0.0021
epoch is 3613
train_score is 0.7146, denas_score is 83825.7600
spearman_correlation 0.0012
epoch is 3622
train_score is 0.6660, denas_score is 8167700.5312
spearman_correlation -0.0006
epoch is 3633
train_score is 0.6514, denas_score is 609928.6055
spearman_correlation 0.0001
epoch is 3639
train_score is 0.7181, denas_score is 808486.6484
spearman_correlation 0.0008
epoch is 3641
train_score is 0.6846, denas_score is 6880139.4219
spearman_correlation 0.0010
epoch is 3642
train_score is 0.6691, denas_score is 923158.2051
spearman_correlation 0.0008
epoch is 3643
train_score is 0.6763, denas_score is 686463.0859
spearman_correlation 0.0012
epoch is 3648
train_score is 0.6631, denas_score is 83089.7632
spearman_correlation 0.0020
epoch is 3649
train_score is 0.7115, denas_score is 699930.4688
spearman_correlation 0.0023
epoch is 3653
train_score is 0.7172, denas_score is 7028583.8750
spearman_correlation 0.0034
epoch is 3657
train_score is 0.6789, denas_score is 98979.6780
spearman_correlation 0.0037
epoch is 3671
train_score is 0.7137, denas_score is 8858904.8125
spearman_correlation 0.0060
epoch is 3677
train_score is 0.6943, denas_score is 10136848.2812
spearman_correlation 0.0067
epoch is 3678
train_score is 0.6388, denas_score is 881187.8145
spearman_correlation 0.0064
epoch is 3681
train_score is 0.6918, denas_score is 144546.4546
spearman_correlation 0.0061
epoch is 3686
train_score is 0.6725, denas_score is 10176014.1562
spearman_correlation 0.0046
epoch is 3689
train_score is 0.6971, denas_score is 80731.4470
spearman_correlation 0.0041
epoch is 3690
train_score is 0.7173, denas_score is 592643.9316
spearman_correlation 0.0034
epoch is 3691
train_score is 0.7284, denas_score is 7250980.5625
spearman_correlation 0.0045
epoch is 3705
train_score is 0.7228, denas_score is 7225531.9844
spearman_correlation 0.0056
epoch is 3711
train_score is 0.6618, denas_score is 10393.6109
spearman_correlation 0.0072
epoch is 3713
train_score is 0.6974, denas_score is 144878.9131
spearman_correlation 0.0068
epoch is 3715
train_score is 0.6847, denas_score is 6683322.7344
spearman_correlation 0.0071
epoch is 3716
train_score is 0.6397, denas_score is 881213.6328
spearman_correlation 0.0067
epoch is 3717
train_score is 0.6762, denas_score is 146403.4404
spearman_correlation 0.0070
epoch is 3727
train_score is 0.6889, denas_score is 7203862.5312
spearman_correlation 0.0070
epoch is 3729
train_score is 0.6843, denas_score is 6907753.6406
spearman_correlation 0.0071
epoch is 3738
train_score is 0.6640, denas_score is 77191.4873
spearman_correlation 0.0081
epoch is 3739
train_score is 0.7054, denas_score is 582733.6211
spearman_correlation 0.0078
epoch is 3740
train_score is 0.6682, denas_score is 70064.3838
spearman_correlation 0.0088
epoch is 3749
train_score is 0.7060, denas_score is 856291.0117
spearman_correlation 0.0094
epoch is 3757
train_score is 0.7011, denas_score is 76604.3135
spearman_correlation 0.0087
epoch is 3760
train_score is 0.6755, denas_score is 77092.7332
spearman_correlation 0.0093
epoch is 3764
train_score is 0.6621, denas_score is 8261456.3438
spearman_correlation 0.0072
epoch is 3769
train_score is 0.7187, denas_score is 8184362.4844
spearman_correlation 0.0090
epoch is 3770
train_score is 0.6925, denas_score is 98359.2969
spearman_correlation 0.0087
epoch is 3787
train_score is 0.6907, denas_score is 6782120.5312
spearman_correlation 0.0090
epoch is 3794
train_score is 0.6721, denas_score is 765685.7051
spearman_correlation 0.0093
epoch is 3796
train_score is 0.6812, denas_score is 6879573.3906
spearman_correlation 0.0093
epoch is 3797
train_score is 0.6358, denas_score is 789911.5000
spearman_correlation 0.0094
epoch is 3801
train_score is 0.7078, denas_score is 8091.8378
spearman_correlation 0.0078
epoch is 3804
train_score is 0.6584, denas_score is 62718.0897
spearman_correlation 0.0095
epoch is 3815
train_score is 0.6974, denas_score is 80469.0588
spearman_correlation 0.0089
epoch is 3820
train_score is 0.6451, denas_score is 649631.5918
spearman_correlation 0.0095
epoch is 3823
train_score is 0.6832, denas_score is 6435055.4531
spearman_correlation 0.0097
epoch is 3824
train_score is 0.6705, denas_score is 8577.8048
spearman_correlation 0.0110
epoch is 3825
train_score is 0.6633, denas_score is 7892174.7656
spearman_correlation 0.0093
epoch is 3828
train_score is 0.6731, denas_score is 844466.4551
spearman_correlation 0.0093
epoch is 3836
train_score is 0.6902, denas_score is 10256695.5938
spearman_correlation 0.0098
epoch is 3837
train_score is 0.7044, denas_score is 8603.9453
spearman_correlation 0.0085
epoch is 3838
train_score is 0.7033, denas_score is 9557.0920
spearman_correlation 0.0073
epoch is 3839
train_score is 0.7026, denas_score is 10232751.8438
spearman_correlation 0.0088
epoch is 3849
train_score is 0.6875, denas_score is 10160430.0938
spearman_correlation 0.0089
epoch is 3867
train_score is 0.6663, denas_score is 84541.1990
spearman_correlation 0.0095
epoch is 3868
train_score is 0.7163, denas_score is 6675334.8906
spearman_correlation 0.0105
epoch is 3872
train_score is 0.7313, denas_score is 6496073.8438
spearman_correlation 0.0113
epoch is 3881
train_score is 0.6665, denas_score is 592465.3242
spearman_correlation 0.0117
epoch is 3883
train_score is 0.6856, denas_score is 8636585.5000
spearman_correlation 0.0116
epoch is 3887
train_score is 0.7054, denas_score is 8884206.0000
spearman_correlation 0.0130
epoch is 3888
train_score is 0.6815, denas_score is 6658185.5781
spearman_correlation 0.0131
epoch is 3890
train_score is 0.6737, denas_score is 84537.9783
spearman_correlation 0.0136
number of model with nan denas score 0
